11:24:51,651 ERROR - 211208: Failed to open dll of /app/ics/dll/ecnsvrasyncl2_gz.so: [2][	0509-022 Cannot load module /app/ics/dll/ecnsvrasyncl2_gz.so.
	0509-026 System error: A file or directory in the path name does not exist.]
11:24:51,651 ERROR - 210074: Failed to open dll of dll/ecnsvrasyncl2_gz.so
11:24:51,651 ERROR - 210088: Failed to load in response-processor
11:24:51,651 ERROR - Call initQueuePair() error, Startup failed!!!
11:24:52,160 ERROR - 211302: Failed to destroy cond
11:24:52,160 ERROR - 211302: Failed to destroy cond
11:24:52,160 ERROR - 211302: Failed to destroy cond
11:24:52,160 ERROR - 211302: Failed to destroy cond
11:24:52,160 ERROR - 211302: Failed to destroy cond
11:24:52,160 ERROR - 211302: Failed to destroy cond
11:24:52,160 ERROR - 211302: Failed to destroy cond
11:24:52,160 ERROR - 211302: Failed to destroy cond
11:24:52,160 ERROR - 211302: Failed to destroy cond
11:24:52,160 ERROR - 211302: Failed to destroy cond
11:24:52,160 ERROR - 211302: Failed to destroy cond
11:24:52,160 ERROR - 211302: Failed to destroy cond
11:24:52,160 ERROR - 211302: Failed to destroy cond
11:24:52,160 ERROR - 211302: Failed to destroy cond
11:24:52,161 ERROR - 211302: Failed to destroy cond
11:24:52,161 ERROR - 211302: Failed to destroy cond
11:24:52,161 ERROR - 211302: Failed to destroy cond
11:24:52,161 ERROR - 211302: Failed to destroy cond
11:24:52,161 ERROR - 211302: Failed to destroy cond
11:24:52,161 ERROR - 211302: Failed to destroy cond
11:24:52,161 ERROR - 211302: Failed to destroy cond
11:24:52,161 ERROR - 211302: Failed to destroy cond
11:24:52,161 ERROR - 211302: Failed to destroy cond
11:24:52,161 ERROR - 211302: Failed to destroy cond
11:24:52,161 ERROR - 211302: Failed to destroy cond
11:24:52,161 ERROR - 211302: Failed to destroy cond
11:24:52,161 ERROR - 211302: Failed to destroy cond
11:24:52,161 ERROR - 211302: Failed to destroy cond
11:24:52,161 ERROR - 211302: Failed to destroy cond
11:24:52,162 ERROR - 211302: Failed to destroy cond
11:24:52,162 ERROR - 211302: Failed to destroy cond
11:24:52,162 ERROR - 211302: Failed to destroy cond
11:24:52,162 ERROR - 211302: Failed to destroy cond
11:24:52,162 ERROR - 211302: Failed to destroy cond
11:24:52,162 ERROR - 211302: Failed to destroy cond
11:24:52,162 ERROR - 211302: Failed to destroy cond
11:24:52,162 ERROR - 211302: Failed to destroy cond
11:24:52,162 ERROR - 211302: Failed to destroy cond
11:24:52,162 ERROR - 211302: Failed to destroy cond
11:24:52,162 ERROR - 211302: Failed to destroy cond
11:24:52,162 ERROR - 211302: Failed to destroy cond
11:24:52,163 ERROR - 211302: Failed to destroy cond
11:24:52,163 ERROR - 211302: Failed to destroy cond
11:24:52,163 ERROR - 211302: Failed to destroy cond
11:24:52,163 ERROR - 211302: Failed to destroy cond
11:24:52,163 ERROR - 211302: Failed to destroy cond
11:24:52,163 ERROR - 211302: Failed to destroy cond
11:24:52,163 ERROR - 211302: Failed to destroy cond
11:24:52,163 ERROR - 211302: Failed to destroy cond
11:24:52,163 ERROR - 211302: Failed to destroy cond
11:24:52,163 ERROR - 211302: Failed to destroy cond
11:24:52,163 ERROR - 211302: Failed to destroy cond
11:24:52,163 ERROR - 211302: Failed to destroy cond
11:24:52,163 ERROR - 211302: Failed to destroy cond
11:24:52,163 ERROR - 211302: Failed to destroy cond
11:24:52,164 ERROR - 211302: Failed to destroy cond
11:24:52,164 ERROR - 211302: Failed to destroy cond
11:24:52,164 ERROR - 211302: Failed to destroy cond
11:24:52,164 ERROR - 211302: Failed to destroy cond
11:24:52,164 ERROR - 211302: Failed to destroy cond
11:24:52,164 ERROR - 211302: Failed to destroy cond
11:24:52,164 ERROR - 211302: Failed to destroy cond
11:24:52,164 ERROR - 211302: Failed to destroy cond
11:24:52,164 ERROR - 211302: Failed to destroy cond
11:24:52,164 ERROR - 211302: Failed to destroy cond
11:24:52,164 ERROR - 211302: Failed to destroy cond
11:24:52,164 ERROR - 211302: Failed to destroy cond
11:24:52,164 ERROR - 211302: Failed to destroy cond
11:24:52,164 ERROR - 211302: Failed to destroy cond
11:24:52,165 ERROR - 211302: Failed to destroy cond
11:24:52,165 ERROR - 211302: Failed to destroy cond
11:24:52,165 ERROR - 211302: Failed to destroy cond
11:24:52,165 ERROR - 211302: Failed to destroy cond
11:24:52,165 ERROR - 211302: Failed to destroy cond
11:24:52,165 ERROR - 211302: Failed to destroy cond
11:24:52,165 ERROR - 211302: Failed to destroy cond
11:24:52,165 ERROR - 211302: Failed to destroy cond
11:24:52,165 ERROR - 211302: Failed to destroy cond
11:24:52,165 ERROR - 211302: Failed to destroy cond
11:24:52,165 ERROR - 211302: Failed to destroy cond
11:24:52,165 ERROR - 211302: Failed to destroy cond
11:24:52,165 ERROR - 211302: Failed to destroy cond
11:24:52,165 ERROR - 211302: Failed to destroy cond
11:24:52,166 ERROR - 211302: Failed to destroy cond
11:24:52,166 ERROR - 211302: Failed to destroy cond
11:24:52,166 ERROR - 211302: Failed to destroy cond
11:24:52,166 ERROR - 211302: Failed to destroy cond
11:24:52,166 ERROR - 211302: Failed to destroy cond
11:24:52,166 ERROR - 211302: Failed to destroy cond
11:24:52,166 ERROR - 211302: Failed to destroy cond
11:24:52,166 ERROR - 211302: Failed to destroy cond
11:24:52,166 ERROR - 211302: Failed to destroy cond
11:24:52,166 ERROR - 211302: Failed to destroy cond
11:24:52,166 ERROR - 211302: Failed to destroy cond
11:24:52,166 ERROR - 211302: Failed to destroy cond
11:24:52,166 ERROR - 211302: Failed to destroy cond
11:24:52,166 ERROR - 211302: Failed to destroy cond
11:24:52,166 ERROR - 211302: Failed to destroy cond
11:24:52,167 ERROR - 211302: Failed to destroy cond
11:24:52,167 ERROR - 211302: Failed to destroy cond
11:24:52,167 ERROR - 211302: Failed to destroy cond
11:24:52,167 ERROR - 211302: Failed to destroy cond
11:24:52,167 ERROR - 211302: Failed to destroy cond
11:24:52,167 ERROR - 211302: Failed to destroy cond
11:24:52,167 ERROR - 211302: Failed to destroy cond
11:24:52,167 ERROR - 211302: Failed to destroy cond
11:24:52,167 ERROR - 211302: Failed to destroy cond
11:24:52,167 ERROR - 211302: Failed to destroy cond
11:24:52,167 ERROR - 211302: Failed to destroy cond
11:24:52,167 ERROR - 211302: Failed to destroy cond
11:24:52,167 ERROR - 211302: Failed to destroy cond
11:24:52,167 ERROR - 211302: Failed to destroy cond
11:24:52,168 ERROR - 211302: Failed to destroy cond
11:24:52,168 ERROR - 211302: Failed to destroy cond
11:24:52,168 ERROR - 211302: Failed to destroy cond
11:24:52,168 ERROR - 211302: Failed to destroy cond
11:24:52,168 ERROR - 211302: Failed to destroy cond
11:24:52,168 ERROR - 211302: Failed to destroy cond
11:24:52,168 ERROR - 211302: Failed to destroy cond
11:24:52,168 ERROR - 211302: Failed to destroy cond
11:24:52,168 ERROR - 211302: Failed to destroy cond
11:24:52,168 ERROR - 211302: Failed to destroy cond
11:24:52,168 ERROR - 211302: Failed to destroy cond
11:24:52,168 ERROR - 211302: Failed to destroy cond
11:24:52,168 ERROR - 211302: Failed to destroy cond
11:24:52,168 ERROR - 211302: Failed to destroy cond
11:24:52,169 ERROR - 211302: Failed to destroy cond
11:24:52,169 ERROR - 211302: Failed to destroy cond
11:24:52,169 ERROR - 211302: Failed to destroy cond
11:24:52,169 ERROR - 211302: Failed to destroy cond
11:24:52,169 ERROR - 211302: Failed to destroy cond
11:24:52,169 ERROR - 211302: Failed to destroy cond
11:24:52,189 ERROR - 211302: Failed to destroy cond
11:24:52,189 ERROR - 211302: Failed to destroy cond
11:24:52,189 ERROR - 211302: Failed to destroy cond
11:24:52,213 ERROR - 211302: Failed to destroy cond
11:24:52,215 ERROR - 211302: Failed to destroy cond
11:24:52,216 ERROR - 211302: Failed to destroy cond
11:24:52,216 ERROR - 211302: Failed to destroy cond
11:24:52,219 ERROR - 211302: Failed to destroy cond
11:24:52,219 ERROR - 211302: Failed to destroy cond
11:24:52,219 ERROR - 211302: Failed to destroy cond
11:24:52,219 ERROR - 211302: Failed to destroy cond
11:24:52,220 ERROR - 211302: Failed to destroy cond
11:24:52,220 ERROR - 211302: Failed to destroy cond
11:24:52,220 ERROR - 211302: Failed to destroy cond
11:24:52,220 ERROR - 211302: Failed to destroy cond
11:24:52,220 ERROR - 211302: Failed to destroy cond
11:24:52,220 ERROR - 211302: Failed to destroy cond
11:24:52,220 ERROR - 211302: Failed to destroy cond
11:24:52,220 ERROR - 211302: Failed to destroy cond
11:24:52,220 ERROR - 211302: Failed to destroy cond
11:24:52,220 ERROR - 211302: Failed to destroy cond
11:24:52,220 ERROR - 211302: Failed to destroy cond
11:24:52,220 ERROR - 211302: Failed to destroy cond
11:24:52,220 ERROR - 211302: Failed to destroy cond
11:24:52,220 ERROR - 211302: Failed to destroy cond
11:24:52,221 ERROR - 211302: Failed to destroy cond
11:24:52,221 ERROR - 211302: Failed to destroy cond
11:24:52,221 ERROR - 211302: Failed to destroy cond
11:24:52,221 ERROR - 211302: Failed to destroy cond
11:24:52,221 ERROR - 211302: Failed to destroy cond
