16:16:13,446 ERROR - dbtsqlcursor: prepare error, sqlcmd=[
		 	SELECT name, length, coltype type, scale
			 FROM sysibm.syscolumns
			 WHERE tbname=UPPER('rtytvchf')
			 ORDER BY colno
		], sqlcode[-805] sqlerrd[0]=[-2145779603] sqlerrd[1]=[0] sqlerrd[2]=[0] sqlerrd[3]=[0] sqlerrd[4]=[-20] sqlerrd[5]=[0]
16:16:13,446 ERROR - bpbgetcols: OPEN [
		 	SELECT name, length, coltype type, scale
			 FROM sysibm.syscolumns
			 WHERE tbname=UPPER('rtytvchf')
			 ORDER BY colno
		] SQLCODE=[-805]
16:16:13,446 ERROR - 500033: init table struct Error!
16:16:13,446 ERROR - 500084: initTableDeclare error!
16:16:13,446 ERROR - 500210:initServMsg [1] Error!
16:16:13,446 ERROR - 500237:initPubEnv Error [etc/OFRTRTY1_CTL.XML]!
16:16:13,446 ERROR - 500230: initPubEnv Error!
16:16:13,448 ERROR - 211027: Exec initfunc of initOnlineSvr failed
16:16:13,448 ERROR - Call execInitFunction() error, Startup failed!!!
16:16:13,949 ERROR - 211320: Failed to destroy cond
16:16:13,949 ERROR - 210003: Failed to destroy cond of dequeuing request-q
16:16:13,949 ERROR - 210012: Failed to destroy cond of dequeuing response-q
16:16:13,949 ERROR - 210003: Failed to destroy cond of dequeuing request-q
16:16:13,949 ERROR - 210012: Failed to destroy cond of dequeuing response-q
16:17:19,518 ERROR - dbtsqlcursor: prepare error, sqlcmd=[
		 	SELECT name, length, coltype type, scale
			 FROM sysibm.syscolumns
			 WHERE tbname=UPPER('rtytvchf')
			 ORDER BY colno
		], sqlcode[-805] sqlerrd[0]=[-2145779603] sqlerrd[1]=[0] sqlerrd[2]=[0] sqlerrd[3]=[0] sqlerrd[4]=[-20] sqlerrd[5]=[0]
16:17:19,518 ERROR - bpbgetcols: OPEN [
		 	SELECT name, length, coltype type, scale
			 FROM sysibm.syscolumns
			 WHERE tbname=UPPER('rtytvchf')
			 ORDER BY colno
		] SQLCODE=[-805]
16:17:19,518 ERROR - 500033: init table struct Error!
16:17:19,518 ERROR - 500084: initTableDeclare error!
16:17:19,518 ERROR - 500210:initServMsg [1] Error!
16:17:19,519 ERROR - 500237:initPubEnv Error [etc/OFRTRTY1_CTL.XML]!
16:17:19,519 ERROR - 500230: initPubEnv Error!
16:17:19,521 ERROR - 211027: Exec initfunc of initOnlineSvr failed
16:17:19,521 ERROR - Call execInitFunction() error, Startup failed!!!
16:17:20,021 ERROR - 211320: Failed to destroy cond
16:17:20,021 ERROR - 210003: Failed to destroy cond of dequeuing request-q
16:17:20,021 ERROR - 210012: Failed to destroy cond of dequeuing response-q
16:17:20,022 ERROR - 210003: Failed to destroy cond of dequeuing request-q
16:17:20,022 ERROR - 210012: Failed to destroy cond of dequeuing response-q
