09:40:34,308 ERROR - #991002-打开{[/app/ics/app/hawa/dll/haw441.so]->[/app/ics/app/hawa/dll/haw441.so]}失败.{	0509-022 Cannot load module /app/ics/app/hawa/dll/haw441.so.
	0509-103   The module has an invalid magic number.}
09:40:34,309 ERROR - 501014: open lib error [/app/ics/app/hawa/dll/haw441.so]
09:40:34,309 ERROR - 500075: Application get_dll_handle Error!
09:40:34,309 ERROR - 500083: initLibDeclare error!
09:40:34,309 ERROR - 500210:initServMsg [1] Error!
09:40:34,309 ERROR - 500237:initPubEnv Error [etc/OFRTHAW1_CTL.XML]!
09:40:34,309 ERROR - 500230: initPubEnv Error!
09:40:34,320 ERROR - 211027: Exec initfunc of initOnlineSvr failed
09:40:34,320 ERROR - Call execInitFunction() error, Startup failed!!!
09:40:34,829 ERROR - 211320: Failed to destroy cond
09:40:34,830 ERROR - 210003: Failed to destroy cond of dequeuing request-q
09:40:34,830 ERROR - 210012: Failed to destroy cond of dequeuing response-q
09:40:34,830 ERROR - 210003: Failed to destroy cond of dequeuing request-q
09:40:34,830 ERROR - 210012: Failed to destroy cond of dequeuing response-q
09:45:34,143 ERROR - #991002-打开{[/app/ics/app/hawa/dll/haw441.so]->[/app/ics/app/hawa/dll/haw441.so]}失败.{	0509-022 Cannot load module /app/ics/app/hawa/dll/haw441.so.
	0509-103   The module has an invalid magic number.}
09:45:34,143 ERROR - 501014: open lib error [/app/ics/app/hawa/dll/haw441.so]
09:45:34,143 ERROR - 500075: Application get_dll_handle Error!
09:45:34,143 ERROR - 500083: initLibDeclare error!
09:45:34,144 ERROR - 500210:initServMsg [1] Error!
09:45:34,144 ERROR - 500237:initPubEnv Error [etc/OFRTHAW1_CTL.XML]!
09:45:34,144 ERROR - 500230: initPubEnv Error!
09:45:34,174 ERROR - 211027: Exec initfunc of initOnlineSvr failed
09:45:34,174 ERROR - Call execInitFunction() error, Startup failed!!!
09:45:34,677 ERROR - 211320: Failed to destroy cond
09:45:34,677 ERROR - 210003: Failed to destroy cond of dequeuing request-q
09:45:34,677 ERROR - 210012: Failed to destroy cond of dequeuing response-q
09:45:34,677 ERROR - 210003: Failed to destroy cond of dequeuing request-q
09:45:34,678 ERROR - 210012: Failed to destroy cond of dequeuing response-q
