09:40:12,515 ERROR - 211320: Failed to destroy cond
09:40:12,516 ERROR - 210003: Failed to destroy cond of dequeuing request-q
09:40:12,516 ERROR - 210012: Failed to destroy cond of dequeuing response-q
09:40:12,516 ERROR - 210003: Failed to destroy cond of dequeuing request-q
09:40:12,516 ERROR - 210012: Failed to destroy cond of dequeuing response-q
09:40:32,994 ERROR - 非法的IP地址[182.53.XXX.XXX]
09:40:32,994 ERROR - 211027: Exec initfunc of initChannel failed
09:40:32,994 ERROR - Call execInitFunction() error, Startup failed!!!
09:40:33,495 ERROR - 211320: Failed to destroy cond
09:40:33,495 ERROR - 211302: Failed to destroy cond
09:40:33,495 ERROR - 210003: Failed to destroy cond of dequeuing request-q
09:40:33,495 ERROR - 210012: Failed to destroy cond of dequeuing response-q
09:40:33,495 ERROR - 210003: Failed to destroy cond of dequeuing request-q
09:40:33,495 ERROR - 210012: Failed to destroy cond of dequeuing response-q
09:45:32,859 ERROR - 非法的IP地址[182.53.XXX.XXX]
09:45:32,859 ERROR - 211027: Exec initfunc of initChannel failed
09:45:32,866 ERROR - Call execInitFunction() error, Startup failed!!!
09:45:33,369 ERROR - 211320: Failed to destroy cond
09:45:33,369 ERROR - 210003: Failed to destroy cond of dequeuing request-q
09:45:33,369 ERROR - 210012: Failed to destroy cond of dequeuing response-q
09:45:33,370 ERROR - 210003: Failed to destroy cond of dequeuing request-q
09:45:33,370 ERROR - 210012: Failed to destroy cond of dequeuing response-q
