11:08:18,498 ERROR - 211208: Failed to open dll of /app/ics/dll/ecnsvrasyncl2_gz.so: [2][	0509-022 Cannot load module /app/ics/dll/ecnsvrasyncl2_gz.so.
	0509-026 System error: A file or directory in the path name does not exist.]
11:08:18,499 ERROR - 210074: Failed to open dll of dll/ecnsvrasyncl2_gz.so
11:08:18,499 ERROR - 210088: Failed to load in response-processor
11:08:18,500 ERROR - Call initQueuePair() error, Startup failed!!!
11:08:19,010 ERROR - 211302: Failed to destroy cond
11:08:19,010 ERROR - 211302: Failed to destroy cond
11:08:19,010 ERROR - 211302: Failed to destroy cond
11:08:19,010 ERROR - 211302: Failed to destroy cond
11:08:19,010 ERROR - 211302: Failed to destroy cond
11:08:19,010 ERROR - 211302: Failed to destroy cond
11:08:19,010 ERROR - 211302: Failed to destroy cond
11:08:19,010 ERROR - 211302: Failed to destroy cond
11:08:19,010 ERROR - 211302: Failed to destroy cond
11:08:19,010 ERROR - 211302: Failed to destroy cond
11:08:19,010 ERROR - 211302: Failed to destroy cond
11:08:19,010 ERROR - 211302: Failed to destroy cond
11:08:19,011 ERROR - 211302: Failed to destroy cond
11:08:19,011 ERROR - 211302: Failed to destroy cond
11:08:19,011 ERROR - 211302: Failed to destroy cond
11:08:19,011 ERROR - 211302: Failed to destroy cond
11:08:19,011 ERROR - 211302: Failed to destroy cond
11:08:19,011 ERROR - 211302: Failed to destroy cond
11:08:19,011 ERROR - 211302: Failed to destroy cond
11:08:19,011 ERROR - 211302: Failed to destroy cond
11:08:19,011 ERROR - 211302: Failed to destroy cond
11:08:19,011 ERROR - 211302: Failed to destroy cond
11:08:19,011 ERROR - 211302: Failed to destroy cond
11:08:19,011 ERROR - 211302: Failed to destroy cond
11:08:19,011 ERROR - 211302: Failed to destroy cond
11:08:19,011 ERROR - 211302: Failed to destroy cond
11:08:19,011 ERROR - 211302: Failed to destroy cond
11:08:19,012 ERROR - 211302: Failed to destroy cond
11:08:19,012 ERROR - 211302: Failed to destroy cond
11:08:19,012 ERROR - 211302: Failed to destroy cond
11:08:19,012 ERROR - 211302: Failed to destroy cond
11:08:19,012 ERROR - 211302: Failed to destroy cond
11:08:19,012 ERROR - 211302: Failed to destroy cond
11:08:19,012 ERROR - 211302: Failed to destroy cond
11:08:19,012 ERROR - 211302: Failed to destroy cond
11:08:19,012 ERROR - 211302: Failed to destroy cond
11:08:19,012 ERROR - 211302: Failed to destroy cond
11:08:19,012 ERROR - 211302: Failed to destroy cond
11:08:19,012 ERROR - 211302: Failed to destroy cond
11:08:19,012 ERROR - 211302: Failed to destroy cond
11:08:19,012 ERROR - 211302: Failed to destroy cond
11:08:19,013 ERROR - 211302: Failed to destroy cond
11:08:19,013 ERROR - 211302: Failed to destroy cond
11:08:19,013 ERROR - 211302: Failed to destroy cond
11:08:19,013 ERROR - 211302: Failed to destroy cond
11:08:19,013 ERROR - 211302: Failed to destroy cond
11:08:19,013 ERROR - 211302: Failed to destroy cond
11:08:19,013 ERROR - 211302: Failed to destroy cond
11:08:19,013 ERROR - 211302: Failed to destroy cond
11:08:19,013 ERROR - 211302: Failed to destroy cond
11:08:19,013 ERROR - 211302: Failed to destroy cond
11:08:19,013 ERROR - 211302: Failed to destroy cond
11:08:19,013 ERROR - 211302: Failed to destroy cond
11:08:19,013 ERROR - 211302: Failed to destroy cond
11:08:19,013 ERROR - 211302: Failed to destroy cond
11:08:19,013 ERROR - 211302: Failed to destroy cond
11:08:19,014 ERROR - 211302: Failed to destroy cond
11:08:19,014 ERROR - 211302: Failed to destroy cond
11:08:19,014 ERROR - 211302: Failed to destroy cond
11:08:19,014 ERROR - 211302: Failed to destroy cond
11:08:19,014 ERROR - 211302: Failed to destroy cond
11:08:19,014 ERROR - 211302: Failed to destroy cond
11:08:19,014 ERROR - 211302: Failed to destroy cond
11:08:19,014 ERROR - 211302: Failed to destroy cond
11:08:19,014 ERROR - 211302: Failed to destroy cond
11:08:19,014 ERROR - 211302: Failed to destroy cond
11:08:19,014 ERROR - 211302: Failed to destroy cond
11:08:19,014 ERROR - 211302: Failed to destroy cond
11:08:19,014 ERROR - 211302: Failed to destroy cond
11:08:19,014 ERROR - 211302: Failed to destroy cond
11:08:19,014 ERROR - 211302: Failed to destroy cond
11:08:19,015 ERROR - 211302: Failed to destroy cond
11:08:19,015 ERROR - 211302: Failed to destroy cond
11:08:19,015 ERROR - 211302: Failed to destroy cond
11:08:19,015 ERROR - 211302: Failed to destroy cond
11:08:19,015 ERROR - 211302: Failed to destroy cond
11:08:19,015 ERROR - 211302: Failed to destroy cond
11:08:19,015 ERROR - 211302: Failed to destroy cond
11:08:19,015 ERROR - 211302: Failed to destroy cond
11:08:19,015 ERROR - 211302: Failed to destroy cond
11:08:19,015 ERROR - 211302: Failed to destroy cond
11:08:19,015 ERROR - 211302: Failed to destroy cond
11:08:19,015 ERROR - 211302: Failed to destroy cond
11:08:19,015 ERROR - 211302: Failed to destroy cond
11:08:19,015 ERROR - 211302: Failed to destroy cond
11:08:19,015 ERROR - 211302: Failed to destroy cond
11:08:19,015 ERROR - 211302: Failed to destroy cond
11:08:19,016 ERROR - 211302: Failed to destroy cond
11:08:19,016 ERROR - 211302: Failed to destroy cond
11:08:19,016 ERROR - 211302: Failed to destroy cond
11:08:19,016 ERROR - 211302: Failed to destroy cond
11:08:19,016 ERROR - 211302: Failed to destroy cond
11:08:19,016 ERROR - 211302: Failed to destroy cond
11:08:19,016 ERROR - 211302: Failed to destroy cond
11:08:19,016 ERROR - 211302: Failed to destroy cond
11:08:19,016 ERROR - 211302: Failed to destroy cond
11:08:19,016 ERROR - 211302: Failed to destroy cond
11:08:19,016 ERROR - 211302: Failed to destroy cond
11:08:19,016 ERROR - 211302: Failed to destroy cond
11:08:19,016 ERROR - 211302: Failed to destroy cond
11:08:19,016 ERROR - 211302: Failed to destroy cond
11:08:19,016 ERROR - 211302: Failed to destroy cond
11:08:19,016 ERROR - 211302: Failed to destroy cond
11:08:19,017 ERROR - 211302: Failed to destroy cond
11:08:19,017 ERROR - 211302: Failed to destroy cond
11:08:19,017 ERROR - 211302: Failed to destroy cond
11:08:19,017 ERROR - 211302: Failed to destroy cond
11:08:19,017 ERROR - 211302: Failed to destroy cond
11:08:19,017 ERROR - 211302: Failed to destroy cond
11:08:19,017 ERROR - 211302: Failed to destroy cond
11:08:19,017 ERROR - 211302: Failed to destroy cond
11:08:19,017 ERROR - 211302: Failed to destroy cond
11:08:19,017 ERROR - 211302: Failed to destroy cond
11:08:19,017 ERROR - 211302: Failed to destroy cond
11:08:19,017 ERROR - 211302: Failed to destroy cond
11:08:19,017 ERROR - 211302: Failed to destroy cond
11:08:19,017 ERROR - 211302: Failed to destroy cond
11:08:19,017 ERROR - 211302: Failed to destroy cond
11:08:19,017 ERROR - 211302: Failed to destroy cond
11:08:19,018 ERROR - 211302: Failed to destroy cond
11:08:19,018 ERROR - 211302: Failed to destroy cond
11:08:19,018 ERROR - 211302: Failed to destroy cond
