11:08:16,948 ERROR - dbtsqlcursor: prepare error, sqlcmd=[
		 	SELECT name, length, coltype type, scale
			 FROM sysibm.syscolumns
			 WHERE tbname=UPPER('afetxnjnl')
			 ORDER BY colno
		], sqlcode[-805] sqlerrd[0]=[-2145779603] sqlerrd[1]=[0] sqlerrd[2]=[0] sqlerrd[3]=[0] sqlerrd[4]=[-20] sqlerrd[5]=[0]
11:08:16,948 ERROR - bpbgetcols: OPEN [
		 	SELECT name, length, coltype type, scale
			 FROM sysibm.syscolumns
			 WHERE tbname=UPPER('afetxnjnl')
			 ORDER BY colno
		] SQLCODE=[-805]
11:08:16,948 ERROR - 500033: init table struct Error!
11:08:16,949 ERROR - 500084: initTableDeclare error!
11:08:16,949 ERROR - 500210:initServMsg [1] Error!
11:08:16,949 ERROR - 500237:initPubEnv Error [etc/OFTALSHJ_CTL.XML]!
11:08:16,949 ERROR - 500230: initPubEnv Error!
11:08:16,954 ERROR - 211027: Exec initfunc of initOnlineSvr failed
11:08:16,954 ERROR - Call execInitFunction() error, Startup failed!!!
11:08:17,454 ERROR - 211320: Failed to destroy cond
11:08:17,454 ERROR - 210003: Failed to destroy cond of dequeuing request-q
11:08:17,454 ERROR - 210012: Failed to destroy cond of dequeuing response-q
11:08:17,455 ERROR - 210003: Failed to destroy cond of dequeuing request-q
11:08:17,455 ERROR - 210012: Failed to destroy cond of dequeuing response-q
