10:44:36,194 ERROR - 211208: Failed to open dll of /app/ics/dll/ecnsvrasyncl2_gz.so: [2][	0509-022 Cannot load module /app/ics/dll/ecnsvrasyncl2_gz.so.
	0509-026 System error: A file or directory in the path name does not exist.]
10:44:36,196 ERROR - 210074: Failed to open dll of dll/ecnsvrasyncl2_gz.so
10:44:36,196 ERROR - 210088: Failed to load in response-processor
10:44:36,196 ERROR - Call initQueuePair() error, Startup failed!!!
10:44:36,699 ERROR - 211302: Failed to destroy cond
10:44:36,699 ERROR - 211302: Failed to destroy cond
10:44:36,699 ERROR - 211302: Failed to destroy cond
10:44:36,699 ERROR - 211302: Failed to destroy cond
10:44:36,699 ERROR - 211302: Failed to destroy cond
10:44:36,700 ERROR - 211302: Failed to destroy cond
10:44:36,700 ERROR - 211302: Failed to destroy cond
10:44:36,700 ERROR - 211302: Failed to destroy cond
10:44:36,700 ERROR - 211302: Failed to destroy cond
10:44:36,700 ERROR - 211302: Failed to destroy cond
10:44:36,700 ERROR - 211302: Failed to destroy cond
10:44:36,700 ERROR - 211302: Failed to destroy cond
10:44:36,700 ERROR - 211302: Failed to destroy cond
10:44:36,700 ERROR - 211302: Failed to destroy cond
10:44:36,700 ERROR - 211302: Failed to destroy cond
10:44:36,700 ERROR - 211302: Failed to destroy cond
10:44:36,700 ERROR - 211302: Failed to destroy cond
10:44:36,700 ERROR - 211302: Failed to destroy cond
10:44:36,701 ERROR - 211302: Failed to destroy cond
10:44:36,701 ERROR - 211302: Failed to destroy cond
10:44:36,701 ERROR - 211302: Failed to destroy cond
10:44:36,701 ERROR - 211302: Failed to destroy cond
10:44:36,701 ERROR - 211302: Failed to destroy cond
10:44:36,701 ERROR - 211302: Failed to destroy cond
10:44:36,701 ERROR - 211302: Failed to destroy cond
10:44:36,701 ERROR - 211302: Failed to destroy cond
10:44:36,701 ERROR - 211302: Failed to destroy cond
10:44:36,701 ERROR - 211302: Failed to destroy cond
10:44:36,701 ERROR - 211302: Failed to destroy cond
10:44:36,701 ERROR - 211302: Failed to destroy cond
10:44:36,702 ERROR - 211302: Failed to destroy cond
10:44:36,702 ERROR - 211302: Failed to destroy cond
10:44:36,702 ERROR - 211302: Failed to destroy cond
10:44:36,702 ERROR - 211302: Failed to destroy cond
10:44:36,702 ERROR - 211302: Failed to destroy cond
10:44:36,702 ERROR - 211302: Failed to destroy cond
10:44:36,702 ERROR - 211302: Failed to destroy cond
10:44:36,702 ERROR - 211302: Failed to destroy cond
10:44:36,702 ERROR - 211302: Failed to destroy cond
10:44:36,702 ERROR - 211302: Failed to destroy cond
10:44:36,702 ERROR - 211302: Failed to destroy cond
10:44:36,702 ERROR - 211302: Failed to destroy cond
10:44:36,702 ERROR - 211302: Failed to destroy cond
10:44:36,703 ERROR - 211302: Failed to destroy cond
10:44:36,703 ERROR - 211302: Failed to destroy cond
10:44:36,703 ERROR - 211302: Failed to destroy cond
10:44:36,703 ERROR - 211302: Failed to destroy cond
10:44:36,703 ERROR - 211302: Failed to destroy cond
10:44:36,703 ERROR - 211302: Failed to destroy cond
10:44:36,703 ERROR - 211302: Failed to destroy cond
10:44:36,703 ERROR - 211302: Failed to destroy cond
10:44:36,703 ERROR - 211302: Failed to destroy cond
10:44:36,703 ERROR - 211302: Failed to destroy cond
10:44:36,703 ERROR - 211302: Failed to destroy cond
10:44:36,703 ERROR - 211302: Failed to destroy cond
10:44:36,704 ERROR - 211302: Failed to destroy cond
10:44:36,704 ERROR - 211302: Failed to destroy cond
10:44:36,704 ERROR - 211302: Failed to destroy cond
10:44:36,705 ERROR - 211302: Failed to destroy cond
10:44:36,705 ERROR - 211302: Failed to destroy cond
10:44:36,705 ERROR - 211302: Failed to destroy cond
10:44:36,705 ERROR - 211302: Failed to destroy cond
10:44:36,705 ERROR - 211302: Failed to destroy cond
10:44:36,705 ERROR - 211302: Failed to destroy cond
10:44:36,705 ERROR - 211302: Failed to destroy cond
10:44:36,705 ERROR - 211302: Failed to destroy cond
10:44:36,705 ERROR - 211302: Failed to destroy cond
10:44:36,705 ERROR - 211302: Failed to destroy cond
10:44:36,705 ERROR - 211302: Failed to destroy cond
10:44:36,705 ERROR - 211302: Failed to destroy cond
10:44:36,706 ERROR - 211302: Failed to destroy cond
10:44:36,706 ERROR - 211302: Failed to destroy cond
10:44:36,706 ERROR - 211302: Failed to destroy cond
10:44:36,706 ERROR - 211302: Failed to destroy cond
10:44:36,706 ERROR - 211302: Failed to destroy cond
10:44:36,706 ERROR - 211302: Failed to destroy cond
10:44:36,706 ERROR - 211302: Failed to destroy cond
10:44:36,706 ERROR - 211302: Failed to destroy cond
10:44:36,706 ERROR - 211302: Failed to destroy cond
10:44:36,706 ERROR - 211302: Failed to destroy cond
10:44:36,706 ERROR - 211302: Failed to destroy cond
10:44:36,706 ERROR - 211302: Failed to destroy cond
10:44:36,707 ERROR - 211302: Failed to destroy cond
10:44:36,707 ERROR - 211302: Failed to destroy cond
10:44:36,707 ERROR - 211302: Failed to destroy cond
10:44:36,707 ERROR - 211302: Failed to destroy cond
10:44:36,707 ERROR - 211302: Failed to destroy cond
10:44:36,707 ERROR - 211302: Failed to destroy cond
10:44:36,707 ERROR - 211302: Failed to destroy cond
10:44:36,708 ERROR - 211302: Failed to destroy cond
10:44:36,708 ERROR - 211302: Failed to destroy cond
10:44:36,708 ERROR - 211302: Failed to destroy cond
10:44:36,708 ERROR - 211302: Failed to destroy cond
10:44:36,708 ERROR - 211302: Failed to destroy cond
10:44:36,708 ERROR - 211302: Failed to destroy cond
10:44:36,708 ERROR - 211302: Failed to destroy cond
10:44:36,708 ERROR - 211302: Failed to destroy cond
10:44:36,708 ERROR - 211302: Failed to destroy cond
10:44:36,709 ERROR - 211302: Failed to destroy cond
10:44:36,709 ERROR - 211302: Failed to destroy cond
10:44:36,709 ERROR - 211302: Failed to destroy cond
10:44:36,709 ERROR - 211302: Failed to destroy cond
10:44:36,709 ERROR - 211302: Failed to destroy cond
10:44:36,709 ERROR - 211302: Failed to destroy cond
10:44:36,709 ERROR - 211302: Failed to destroy cond
10:44:36,709 ERROR - 211302: Failed to destroy cond
10:44:36,709 ERROR - 211302: Failed to destroy cond
10:44:36,709 ERROR - 211302: Failed to destroy cond
10:44:36,709 ERROR - 211302: Failed to destroy cond
10:44:36,709 ERROR - 211302: Failed to destroy cond
10:44:36,709 ERROR - 211302: Failed to destroy cond
10:44:36,710 ERROR - 211302: Failed to destroy cond
10:44:36,710 ERROR - 211302: Failed to destroy cond
10:44:36,710 ERROR - 211302: Failed to destroy cond
10:44:36,710 ERROR - 211302: Failed to destroy cond
10:44:36,710 ERROR - 211302: Failed to destroy cond
10:44:36,710 ERROR - 211302: Failed to destroy cond
10:44:36,710 ERROR - 211302: Failed to destroy cond
10:44:36,710 ERROR - 211302: Failed to destroy cond
10:44:36,710 ERROR - 211302: Failed to destroy cond
10:44:36,710 ERROR - 211302: Failed to destroy cond
10:44:36,710 ERROR - 211302: Failed to destroy cond
10:44:36,710 ERROR - 211302: Failed to destroy cond
10:44:36,711 ERROR - 211302: Failed to destroy cond
10:44:36,711 ERROR - 211302: Failed to destroy cond
10:44:36,712 ERROR - 211302: Failed to destroy cond
10:44:36,712 ERROR - 211302: Failed to destroy cond
10:44:36,712 ERROR - 211302: Failed to destroy cond
10:44:36,713 ERROR - 211302: Failed to destroy cond
10:44:36,713 ERROR - 211302: Failed to destroy cond
10:44:36,713 ERROR - 211302: Failed to destroy cond
10:44:36,713 ERROR - 211302: Failed to destroy cond
10:44:36,713 ERROR - 211302: Failed to destroy cond
10:44:36,713 ERROR - 211302: Failed to destroy cond
10:44:36,714 ERROR - 211302: Failed to destroy cond
10:44:36,714 ERROR - 211302: Failed to destroy cond
10:44:36,714 ERROR - 211302: Failed to destroy cond
10:44:36,714 ERROR - 211302: Failed to destroy cond
10:44:36,714 ERROR - 211302: Failed to destroy cond
10:44:36,714 ERROR - 211302: Failed to destroy cond
10:44:36,714 ERROR - 211302: Failed to destroy cond
10:44:36,714 ERROR - 211302: Failed to destroy cond
10:44:36,714 ERROR - 211302: Failed to destroy cond
10:44:36,714 ERROR - 211302: Failed to destroy cond
10:44:36,714 ERROR - 211302: Failed to destroy cond
10:44:36,714 ERROR - 211302: Failed to destroy cond
10:44:36,715 ERROR - 211302: Failed to destroy cond
10:44:36,715 ERROR - 211302: Failed to destroy cond
10:44:36,715 ERROR - 211302: Failed to destroy cond
10:44:36,715 ERROR - 211302: Failed to destroy cond
10:44:36,715 ERROR - 211302: Failed to destroy cond
10:44:36,715 ERROR - 211302: Failed to destroy cond
10:44:36,715 ERROR - 211302: Failed to destroy cond
10:44:36,715 ERROR - 211302: Failed to destroy cond
10:44:36,715 ERROR - 211302: Failed to destroy cond
10:44:36,715 ERROR - 211302: Failed to destroy cond
10:44:36,715 ERROR - 211302: Failed to destroy cond
10:44:36,715 ERROR - 211302: Failed to destroy cond
10:44:36,716 ERROR - 211302: Failed to destroy cond
10:44:36,716 ERROR - 211302: Failed to destroy cond
10:44:36,716 ERROR - 211302: Failed to destroy cond
10:50:55,391 ERROR - 211208: Failed to open dll of /app/ics/dll/ecnsvrasyncl2_gz.so: [2][	0509-022 Cannot load module /app/ics/dll/ecnsvrasyncl2_gz.so.
	0509-026 System error: A file or directory in the path name does not exist.]
10:50:55,396 ERROR - 210074: Failed to open dll of dll/ecnsvrasyncl2_gz.so
10:50:55,397 ERROR - 210088: Failed to load in response-processor
10:50:55,397 ERROR - Call initQueuePair() error, Startup failed!!!
