10:44:37,581 ERROR - #991002-´ò¿ª{[/app/ics/dll/cbs441.so]->[/app/ics/dll/cbs441.so]}Ê§°Ü.{	0509-022 Cannot load module /app/ics/dll/cbs441.so.
	0509-026 System error: A file or directory in the path name does not exist.}
10:44:37,581 ERROR - 501014: open lib error [/app/ics/dll/cbs441.so]
10:44:37,581 ERROR - 500075: Application get_dll_handle Error!
10:44:37,581 ERROR - 500083: initLibDeclare error!
10:44:37,582 ERROR - 500210:initServMsg [1] Error!
10:44:37,582 ERROR - 500237:initPubEnv Error [etc/OFRTCBS2_CTL.XML]!
10:44:37,582 ERROR - 500230: initPubEnv Error!
10:44:37,595 ERROR - 211027: Exec initfunc of initOnlineSvr failed
10:44:37,595 ERROR - Call execInitFunction() error, Startup failed!!!
10:44:38,096 ERROR - 211320: Failed to destroy cond
10:44:38,096 ERROR - 210003: Failed to destroy cond of dequeuing request-q
10:44:38,096 ERROR - 210012: Failed to destroy cond of dequeuing response-q
10:44:38,096 ERROR - 210003: Failed to destroy cond of dequeuing request-q
10:44:38,096 ERROR - 210012: Failed to destroy cond of dequeuing response-q
10:51:06,547 ERROR - 211320: Failed to destroy cond
10:51:06,638 ERROR - 210003: Failed to destroy cond of dequeuing request-q
10:51:06,638 ERROR - 210012: Failed to destroy cond of dequeuing response-q
10:51:06,639 ERROR - 210003: Failed to destroy cond of dequeuing request-q
10:51:06,639 ERROR - 210012: Failed to destroy cond of dequeuing response-q
