10:44:37,550 ERROR - #991002-打开{[/app/ics/dll/cbs441.so]->[/app/ics/dll/cbs441.so]}失败.{	0509-022 Cannot load module /app/ics/dll/cbs441.so.
	0509-026 System error: A file or directory in the path name does not exist.}
10:44:37,551 ERROR - 501014: open lib error [/app/ics/dll/cbs441.so]
10:44:37,551 ERROR - 500075: Application get_dll_handle Error!
10:44:37,551 ERROR - 500083: initLibDeclare error!
10:44:37,551 ERROR - 500210:initServMsg [1] Error!
10:44:37,551 ERROR - 500237:initPubEnv Error [etc/OFRTCBS1_CTL.XML]!
10:44:37,551 ERROR - 500230: initPubEnv Error!
10:44:37,565 ERROR - 211027: Exec initfunc of initOnlineSvr failed
10:44:37,566 ERROR - Call execInitFunction() error, Startup failed!!!
10:44:38,066 ERROR - 211320: Failed to destroy cond
10:44:38,066 ERROR - 210003: Failed to destroy cond of dequeuing request-q
10:44:38,066 ERROR - 210012: Failed to destroy cond of dequeuing response-q
10:44:38,067 ERROR - 210003: Failed to destroy cond of dequeuing request-q
10:44:38,067 ERROR - 210012: Failed to destroy cond of dequeuing response-q
10:46:40,406 ERROR - #991002-打开{[/app/ics/$HOME/app/cbs/dll/cbs441.so]->[/app/ics/$HOME/app/cbs/dll/cbs441.so]}失败.{	0509-022 Cannot load module /app/ics/$HOME/app/cbs/dll/cbs441.so.
	0509-026 System error: A file or directory in the path name does not exist.}
10:46:40,406 ERROR - 501014: open lib error [/app/ics/$HOME/app/cbs/dll/cbs441.so]
10:46:40,406 ERROR - 500075: Application get_dll_handle Error!
10:46:40,406 ERROR - 500083: initLibDeclare error!
10:46:40,406 ERROR - 500210:initServMsg [1] Error!
10:46:40,406 ERROR - 500237:initPubEnv Error [etc/OFRTCBS1_CTL.XML]!
10:46:40,406 ERROR - 500230: initPubEnv Error!
10:46:40,417 ERROR - 211027: Exec initfunc of initOnlineSvr failed
10:46:40,417 ERROR - Call execInitFunction() error, Startup failed!!!
10:46:40,918 ERROR - 211320: Failed to destroy cond
10:46:40,918 ERROR - 210003: Failed to destroy cond of dequeuing request-q
10:46:40,918 ERROR - 210012: Failed to destroy cond of dequeuing response-q
10:46:40,918 ERROR - 210003: Failed to destroy cond of dequeuing request-q
10:46:40,918 ERROR - 210012: Failed to destroy cond of dequeuing response-q
10:47:56,296 ERROR - #991002-打开{[/app/ics/app/cbs/dll/cbs441.so]->[/app/ics/app/cbs/dll/cbs441.so]}失败.{	0509-022 Cannot load module /app/ics/app/cbs/dll/cbs441.so.
	0509-026 System error: A file or directory in the path name does not exist.}
10:47:56,296 ERROR - 501014: open lib error [/app/ics/app/cbs/dll/cbs441.so]
10:47:56,296 ERROR - 500075: Application get_dll_handle Error!
10:47:56,296 ERROR - 500083: initLibDeclare error!
10:47:56,296 ERROR - 500210:initServMsg [1] Error!
10:47:56,296 ERROR - 500237:initPubEnv Error [etc/OFRTCBS1_CTL.XML]!
10:47:56,296 ERROR - 500230: initPubEnv Error!
10:47:56,308 ERROR - 211027: Exec initfunc of initOnlineSvr failed
10:47:56,308 ERROR - Call execInitFunction() error, Startup failed!!!
10:47:56,808 ERROR - 211320: Failed to destroy cond
10:47:56,808 ERROR - 210003: Failed to destroy cond of dequeuing request-q
10:47:56,809 ERROR - 210012: Failed to destroy cond of dequeuing response-q
10:47:56,809 ERROR - 210003: Failed to destroy cond of dequeuing request-q
10:47:56,809 ERROR - 210012: Failed to destroy cond of dequeuing response-q
10:51:06,546 ERROR - 211320: Failed to destroy cond
10:51:06,546 ERROR - 210003: Failed to destroy cond of dequeuing request-q
10:51:06,546 ERROR - 210012: Failed to destroy cond of dequeuing response-q
10:51:06,546 ERROR - 210003: Failed to destroy cond of dequeuing request-q
10:51:06,546 ERROR - 210012: Failed to destroy cond of dequeuing response-q
