10:44:37,610 ERROR - #991002-´ò¿ª{[/app/ics/dll/cbs441.so]->[/app/ics/dll/cbs441.so]}Ê§°Ü.{	0509-022 Cannot load module /app/ics/dll/cbs441.so.
	0509-026 System error: A file or directory in the path name does not exist.}
10:44:37,610 ERROR - 501014: open lib error [/app/ics/dll/cbs441.so]
10:44:37,611 ERROR - 500075: Application get_dll_handle Error!
10:44:37,611 ERROR - 500083: initLibDeclare error!
10:44:37,611 ERROR - 500210:initServMsg [1] Error!
10:44:37,611 ERROR - 500237:initPubEnv Error [etc/OFRTCBS5_CTL.XML]!
10:44:37,611 ERROR - 500230: initPubEnv Error!
10:44:37,624 ERROR - 211027: Exec initfunc of initOnlineSvr failed
10:44:37,624 ERROR - Call execInitFunction() error, Startup failed!!!
10:44:38,125 ERROR - 211320: Failed to destroy cond
10:44:38,125 ERROR - 210003: Failed to destroy cond of dequeuing request-q
10:44:38,125 ERROR - 210012: Failed to destroy cond of dequeuing response-q
10:44:38,125 ERROR - 210003: Failed to destroy cond of dequeuing request-q
10:44:38,125 ERROR - 210012: Failed to destroy cond of dequeuing response-q
10:51:06,556 ERROR - 211320: Failed to destroy cond
10:51:06,628 ERROR - 210003: Failed to destroy cond of dequeuing request-q
10:51:06,628 ERROR - 210012: Failed to destroy cond of dequeuing response-q
10:51:06,628 ERROR - 210003: Failed to destroy cond of dequeuing request-q
10:51:06,629 ERROR - 210012: Failed to destroy cond of dequeuing response-q
