09:40:32,243 ERROR - 211208: Failed to open dll of /app/ics/dll/ecnsvrasyncl2_gz.so: [2][	0509-022 Cannot load module /app/ics/dll/ecnsvrasyncl2_gz.so.
	0509-026 System error: A file or directory in the path name does not exist.]
09:40:32,244 ERROR - 210074: Failed to open dll of dll/ecnsvrasyncl2_gz.so
09:40:32,244 ERROR - 210088: Failed to load in response-processor
09:40:32,244 ERROR - Call initQueuePair() error, Startup failed!!!
09:40:32,746 ERROR - 211302: Failed to destroy cond
09:40:32,746 ERROR - 211302: Failed to destroy cond
09:40:32,746 ERROR - 211302: Failed to destroy cond
09:40:32,746 ERROR - 211302: Failed to destroy cond
09:40:32,746 ERROR - 211302: Failed to destroy cond
09:40:32,746 ERROR - 211302: Failed to destroy cond
09:40:32,746 ERROR - 211302: Failed to destroy cond
09:40:32,746 ERROR - 211302: Failed to destroy cond
09:40:32,746 ERROR - 211302: Failed to destroy cond
09:40:32,746 ERROR - 211302: Failed to destroy cond
09:40:32,746 ERROR - 211302: Failed to destroy cond
09:40:32,747 ERROR - 211302: Failed to destroy cond
09:40:32,747 ERROR - 211302: Failed to destroy cond
09:40:32,747 ERROR - 211302: Failed to destroy cond
09:40:32,747 ERROR - 211302: Failed to destroy cond
09:40:32,747 ERROR - 211302: Failed to destroy cond
09:40:32,747 ERROR - 211302: Failed to destroy cond
09:40:32,747 ERROR - 211302: Failed to destroy cond
09:40:32,747 ERROR - 211302: Failed to destroy cond
09:40:32,747 ERROR - 211302: Failed to destroy cond
09:40:32,747 ERROR - 211302: Failed to destroy cond
09:40:32,747 ERROR - 211302: Failed to destroy cond
09:40:32,747 ERROR - 211302: Failed to destroy cond
09:40:32,747 ERROR - 211302: Failed to destroy cond
09:40:32,747 ERROR - 211302: Failed to destroy cond
09:40:32,747 ERROR - 211302: Failed to destroy cond
09:40:32,747 ERROR - 211302: Failed to destroy cond
09:40:32,748 ERROR - 211302: Failed to destroy cond
09:40:32,748 ERROR - 211302: Failed to destroy cond
09:40:32,748 ERROR - 211302: Failed to destroy cond
09:40:32,748 ERROR - 211302: Failed to destroy cond
09:40:32,748 ERROR - 211302: Failed to destroy cond
09:40:32,748 ERROR - 211302: Failed to destroy cond
09:40:32,748 ERROR - 211302: Failed to destroy cond
09:40:32,748 ERROR - 211302: Failed to destroy cond
09:40:32,748 ERROR - 211302: Failed to destroy cond
09:40:32,748 ERROR - 211302: Failed to destroy cond
09:40:32,748 ERROR - 211302: Failed to destroy cond
09:40:32,748 ERROR - 211302: Failed to destroy cond
09:40:32,748 ERROR - 211302: Failed to destroy cond
09:40:32,748 ERROR - 211302: Failed to destroy cond
09:40:32,748 ERROR - 211302: Failed to destroy cond
09:40:32,749 ERROR - 211302: Failed to destroy cond
09:40:32,749 ERROR - 211302: Failed to destroy cond
09:40:32,749 ERROR - 211302: Failed to destroy cond
09:40:32,749 ERROR - 211302: Failed to destroy cond
09:40:32,749 ERROR - 211302: Failed to destroy cond
09:40:32,749 ERROR - 211302: Failed to destroy cond
09:40:32,749 ERROR - 211302: Failed to destroy cond
09:40:32,749 ERROR - 211302: Failed to destroy cond
09:40:32,749 ERROR - 211302: Failed to destroy cond
09:40:32,750 ERROR - 211302: Failed to destroy cond
09:40:32,750 ERROR - 211302: Failed to destroy cond
09:40:32,750 ERROR - 211302: Failed to destroy cond
09:40:32,750 ERROR - 211302: Failed to destroy cond
09:40:32,750 ERROR - 211302: Failed to destroy cond
09:40:32,750 ERROR - 211302: Failed to destroy cond
09:40:32,750 ERROR - 211302: Failed to destroy cond
09:40:32,750 ERROR - 211302: Failed to destroy cond
09:40:32,750 ERROR - 211302: Failed to destroy cond
09:40:32,750 ERROR - 211302: Failed to destroy cond
09:40:32,750 ERROR - 211302: Failed to destroy cond
09:40:32,750 ERROR - 211302: Failed to destroy cond
09:40:32,750 ERROR - 211302: Failed to destroy cond
09:40:32,750 ERROR - 211302: Failed to destroy cond
09:40:32,751 ERROR - 211302: Failed to destroy cond
09:40:32,751 ERROR - 211302: Failed to destroy cond
09:40:32,751 ERROR - 211302: Failed to destroy cond
09:40:32,751 ERROR - 211302: Failed to destroy cond
09:40:32,751 ERROR - 211302: Failed to destroy cond
09:40:32,751 ERROR - 211302: Failed to destroy cond
09:40:32,751 ERROR - 211302: Failed to destroy cond
09:40:32,751 ERROR - 211302: Failed to destroy cond
09:40:32,751 ERROR - 211302: Failed to destroy cond
09:40:32,751 ERROR - 211302: Failed to destroy cond
09:40:32,751 ERROR - 211302: Failed to destroy cond
09:40:32,751 ERROR - 211302: Failed to destroy cond
09:40:32,751 ERROR - 211302: Failed to destroy cond
09:40:32,751 ERROR - 211302: Failed to destroy cond
09:40:32,751 ERROR - 211302: Failed to destroy cond
09:40:32,751 ERROR - 211302: Failed to destroy cond
09:40:32,752 ERROR - 211302: Failed to destroy cond
09:40:32,752 ERROR - 211302: Failed to destroy cond
09:40:32,752 ERROR - 211302: Failed to destroy cond
09:40:32,752 ERROR - 211302: Failed to destroy cond
09:40:32,752 ERROR - 211302: Failed to destroy cond
09:40:32,752 ERROR - 211302: Failed to destroy cond
09:40:32,752 ERROR - 211302: Failed to destroy cond
09:40:32,752 ERROR - 211302: Failed to destroy cond
09:40:32,752 ERROR - 211302: Failed to destroy cond
09:40:32,752 ERROR - 211302: Failed to destroy cond
09:40:32,752 ERROR - 211302: Failed to destroy cond
09:40:32,752 ERROR - 211302: Failed to destroy cond
09:40:32,752 ERROR - 211302: Failed to destroy cond
09:40:32,752 ERROR - 211302: Failed to destroy cond
09:40:32,752 ERROR - 211302: Failed to destroy cond
09:40:32,753 ERROR - 211302: Failed to destroy cond
09:40:32,753 ERROR - 211302: Failed to destroy cond
09:40:32,753 ERROR - 211302: Failed to destroy cond
09:40:32,753 ERROR - 211302: Failed to destroy cond
09:40:32,753 ERROR - 211302: Failed to destroy cond
09:40:32,753 ERROR - 211302: Failed to destroy cond
09:40:32,753 ERROR - 211302: Failed to destroy cond
09:40:32,753 ERROR - 211302: Failed to destroy cond
09:40:32,753 ERROR - 211302: Failed to destroy cond
09:40:32,753 ERROR - 211302: Failed to destroy cond
09:40:32,753 ERROR - 211302: Failed to destroy cond
09:40:32,753 ERROR - 211302: Failed to destroy cond
09:40:32,753 ERROR - 211302: Failed to destroy cond
09:40:32,754 ERROR - 211302: Failed to destroy cond
09:40:32,754 ERROR - 211302: Failed to destroy cond
09:40:32,754 ERROR - 211302: Failed to destroy cond
09:40:32,754 ERROR - 211302: Failed to destroy cond
09:40:32,754 ERROR - 211302: Failed to destroy cond
09:40:32,754 ERROR - 211302: Failed to destroy cond
09:40:32,754 ERROR - 211302: Failed to destroy cond
09:40:32,754 ERROR - 211302: Failed to destroy cond
09:40:32,754 ERROR - 211302: Failed to destroy cond
09:40:32,754 ERROR - 211302: Failed to destroy cond
09:40:32,754 ERROR - 211302: Failed to destroy cond
09:40:32,754 ERROR - 211302: Failed to destroy cond
09:40:32,754 ERROR - 211302: Failed to destroy cond
09:40:32,754 ERROR - 211302: Failed to destroy cond
09:40:32,754 ERROR - 211302: Failed to destroy cond
09:40:32,755 ERROR - 211302: Failed to destroy cond
09:40:32,755 ERROR - 211302: Failed to destroy cond
09:40:32,755 ERROR - 211302: Failed to destroy cond
09:40:32,755 ERROR - 211302: Failed to destroy cond
09:40:32,755 ERROR - 211302: Failed to destroy cond
09:40:32,755 ERROR - 211302: Failed to destroy cond
09:40:32,755 ERROR - 211302: Failed to destroy cond
09:40:32,755 ERROR - 211302: Failed to destroy cond
09:40:32,755 ERROR - 211302: Failed to destroy cond
09:40:32,755 ERROR - 211302: Failed to destroy cond
09:40:32,755 ERROR - 211302: Failed to destroy cond
09:40:32,755 ERROR - 211302: Failed to destroy cond
09:40:32,755 ERROR - 211302: Failed to destroy cond
09:40:32,755 ERROR - 211302: Failed to destroy cond
09:40:32,756 ERROR - 211302: Failed to destroy cond
09:40:32,756 ERROR - 211302: Failed to destroy cond
09:40:32,756 ERROR - 211302: Failed to destroy cond
09:40:32,756 ERROR - 211302: Failed to destroy cond
09:40:32,756 ERROR - 211302: Failed to destroy cond
09:40:32,756 ERROR - 211302: Failed to destroy cond
09:45:32,200 ERROR - 211208: Failed to open dll of /app/ics/dll/ecnsvrasyncl2_gz.so: [2][	0509-022 Cannot load module /app/ics/dll/ecnsvrasyncl2_gz.so.
	0509-026 System error: A file or directory in the path name does not exist.]
09:45:32,200 ERROR - 210074: Failed to open dll of dll/ecnsvrasyncl2_gz.so
09:45:32,200 ERROR - 210088: Failed to load in response-processor
09:45:32,200 ERROR - Call initQueuePair() error, Startup failed!!!
09:45:32,749 ERROR - 211302: Failed to destroy cond
09:45:32,749 ERROR - 211302: Failed to destroy cond
09:45:32,750 ERROR - 211302: Failed to destroy cond
09:45:32,750 ERROR - 211302: Failed to destroy cond
09:45:32,750 ERROR - 211302: Failed to destroy cond
09:45:32,750 ERROR - 211302: Failed to destroy cond
09:45:32,750 ERROR - 211302: Failed to destroy cond
09:45:32,750 ERROR - 211302: Failed to destroy cond
09:45:32,750 ERROR - 211302: Failed to destroy cond
09:45:32,750 ERROR - 211302: Failed to destroy cond
09:45:32,750 ERROR - 211302: Failed to destroy cond
09:45:32,750 ERROR - 211302: Failed to destroy cond
09:45:32,750 ERROR - 211302: Failed to destroy cond
09:45:32,750 ERROR - 211302: Failed to destroy cond
09:45:32,750 ERROR - 211302: Failed to destroy cond
09:45:32,750 ERROR - 211302: Failed to destroy cond
09:45:32,750 ERROR - 211302: Failed to destroy cond
09:45:32,750 ERROR - 211302: Failed to destroy cond
09:45:32,751 ERROR - 211302: Failed to destroy cond
09:45:32,751 ERROR - 211302: Failed to destroy cond
09:45:32,751 ERROR - 211302: Failed to destroy cond
09:45:32,751 ERROR - 211302: Failed to destroy cond
09:45:32,751 ERROR - 211302: Failed to destroy cond
09:45:32,751 ERROR - 211302: Failed to destroy cond
09:45:32,751 ERROR - 211302: Failed to destroy cond
09:45:32,751 ERROR - 211302: Failed to destroy cond
09:45:32,751 ERROR - 211302: Failed to destroy cond
09:45:32,751 ERROR - 211302: Failed to destroy cond
09:45:32,751 ERROR - 211302: Failed to destroy cond
09:45:32,751 ERROR - 211302: Failed to destroy cond
09:45:32,751 ERROR - 211302: Failed to destroy cond
09:45:32,751 ERROR - 211302: Failed to destroy cond
09:45:32,751 ERROR - 211302: Failed to destroy cond
09:45:32,751 ERROR - 211302: Failed to destroy cond
09:45:32,752 ERROR - 211302: Failed to destroy cond
09:45:32,752 ERROR - 211302: Failed to destroy cond
09:45:32,752 ERROR - 211302: Failed to destroy cond
09:45:32,752 ERROR - 211302: Failed to destroy cond
09:45:32,752 ERROR - 211302: Failed to destroy cond
09:45:32,752 ERROR - 211302: Failed to destroy cond
09:45:32,752 ERROR - 211302: Failed to destroy cond
09:45:32,752 ERROR - 211302: Failed to destroy cond
09:45:32,752 ERROR - 211302: Failed to destroy cond
09:45:32,752 ERROR - 211302: Failed to destroy cond
09:45:32,752 ERROR - 211302: Failed to destroy cond
09:45:32,752 ERROR - 211302: Failed to destroy cond
09:45:32,752 ERROR - 211302: Failed to destroy cond
09:45:32,752 ERROR - 211302: Failed to destroy cond
09:45:32,752 ERROR - 211302: Failed to destroy cond
09:45:32,753 ERROR - 211302: Failed to destroy cond
09:45:32,753 ERROR - 211302: Failed to destroy cond
09:45:32,753 ERROR - 211302: Failed to destroy cond
09:45:32,753 ERROR - 211302: Failed to destroy cond
09:45:32,753 ERROR - 211302: Failed to destroy cond
09:45:32,753 ERROR - 211302: Failed to destroy cond
09:45:32,753 ERROR - 211302: Failed to destroy cond
09:45:32,753 ERROR - 211302: Failed to destroy cond
09:45:32,753 ERROR - 211302: Failed to destroy cond
09:45:32,753 ERROR - 211302: Failed to destroy cond
09:45:32,753 ERROR - 211302: Failed to destroy cond
09:45:32,753 ERROR - 211302: Failed to destroy cond
09:45:32,753 ERROR - 211302: Failed to destroy cond
09:45:32,753 ERROR - 211302: Failed to destroy cond
09:45:32,753 ERROR - 211302: Failed to destroy cond
09:45:32,753 ERROR - 211302: Failed to destroy cond
09:45:32,754 ERROR - 211302: Failed to destroy cond
09:45:32,754 ERROR - 211302: Failed to destroy cond
09:45:32,754 ERROR - 211302: Failed to destroy cond
09:45:32,754 ERROR - 211302: Failed to destroy cond
09:45:32,754 ERROR - 211302: Failed to destroy cond
09:45:32,754 ERROR - 211302: Failed to destroy cond
09:45:32,754 ERROR - 211302: Failed to destroy cond
09:45:32,754 ERROR - 211302: Failed to destroy cond
09:45:32,754 ERROR - 211302: Failed to destroy cond
09:45:32,754 ERROR - 211302: Failed to destroy cond
09:45:32,754 ERROR - 211302: Failed to destroy cond
09:45:32,754 ERROR - 211302: Failed to destroy cond
09:45:32,754 ERROR - 211302: Failed to destroy cond
09:45:32,754 ERROR - 211302: Failed to destroy cond
09:45:32,755 ERROR - 211302: Failed to destroy cond
09:45:32,755 ERROR - 211302: Failed to destroy cond
09:45:32,755 ERROR - 211302: Failed to destroy cond
09:45:32,755 ERROR - 211302: Failed to destroy cond
09:45:32,755 ERROR - 211302: Failed to destroy cond
09:45:32,755 ERROR - 211302: Failed to destroy cond
09:45:32,755 ERROR - 211302: Failed to destroy cond
09:45:32,755 ERROR - 211302: Failed to destroy cond
09:45:32,755 ERROR - 211302: Failed to destroy cond
09:45:32,755 ERROR - 211302: Failed to destroy cond
09:45:32,755 ERROR - 211302: Failed to destroy cond
09:45:32,755 ERROR - 211302: Failed to destroy cond
09:45:32,755 ERROR - 211302: Failed to destroy cond
09:45:32,755 ERROR - 211302: Failed to destroy cond
09:45:32,755 ERROR - 211302: Failed to destroy cond
09:45:32,756 ERROR - 211302: Failed to destroy cond
09:45:32,756 ERROR - 211302: Failed to destroy cond
09:45:32,756 ERROR - 211302: Failed to destroy cond
09:45:32,756 ERROR - 211302: Failed to destroy cond
09:45:32,756 ERROR - 211302: Failed to destroy cond
09:45:32,756 ERROR - 211302: Failed to destroy cond
09:45:32,756 ERROR - 211302: Failed to destroy cond
09:45:32,756 ERROR - 211302: Failed to destroy cond
09:45:32,756 ERROR - 211302: Failed to destroy cond
09:45:32,756 ERROR - 211302: Failed to destroy cond
09:45:32,756 ERROR - 211302: Failed to destroy cond
09:45:32,756 ERROR - 211302: Failed to destroy cond
09:45:32,756 ERROR - 211302: Failed to destroy cond
09:45:32,756 ERROR - 211302: Failed to destroy cond
09:45:32,756 ERROR - 211302: Failed to destroy cond
09:45:32,757 ERROR - 211302: Failed to destroy cond
09:45:32,757 ERROR - 211302: Failed to destroy cond
09:45:32,757 ERROR - 211302: Failed to destroy cond
09:45:32,757 ERROR - 211302: Failed to destroy cond
09:45:32,757 ERROR - 211302: Failed to destroy cond
09:45:32,757 ERROR - 211302: Failed to destroy cond
09:45:32,757 ERROR - 211302: Failed to destroy cond
09:45:32,757 ERROR - 211302: Failed to destroy cond
09:45:32,757 ERROR - 211302: Failed to destroy cond
09:45:32,757 ERROR - 211302: Failed to destroy cond
09:45:32,757 ERROR - 211302: Failed to destroy cond
09:45:32,757 ERROR - 211302: Failed to destroy cond
09:45:32,757 ERROR - 211302: Failed to destroy cond
09:45:32,757 ERROR - 211302: Failed to destroy cond
09:45:32,757 ERROR - 211302: Failed to destroy cond
09:45:32,758 ERROR - 211302: Failed to destroy cond
09:45:32,758 ERROR - 211302: Failed to destroy cond
09:45:32,758 ERROR - 211302: Failed to destroy cond
09:45:32,758 ERROR - 211302: Failed to destroy cond
09:45:32,758 ERROR - 211302: Failed to destroy cond
09:45:32,758 ERROR - 211302: Failed to destroy cond
09:45:32,758 ERROR - 211302: Failed to destroy cond
09:45:32,758 ERROR - 211302: Failed to destroy cond
09:45:32,758 ERROR - 211302: Failed to destroy cond
09:45:32,758 ERROR - 211302: Failed to destroy cond
09:45:32,758 ERROR - 211302: Failed to destroy cond
09:45:32,758 ERROR - 211302: Failed to destroy cond
09:45:32,758 ERROR - 211302: Failed to destroy cond
09:45:32,758 ERROR - 211302: Failed to destroy cond
09:45:32,758 ERROR - 211302: Failed to destroy cond
09:45:32,759 ERROR - 211302: Failed to destroy cond
09:45:32,759 ERROR - 211302: Failed to destroy cond
09:45:32,759 ERROR - 211302: Failed to destroy cond
09:45:32,759 ERROR - 211302: Failed to destroy cond
09:45:32,759 ERROR - 211302: Failed to destroy cond
09:45:32,759 ERROR - 211302: Failed to destroy cond
09:45:32,759 ERROR - 211302: Failed to destroy cond
09:45:32,759 ERROR - 211302: Failed to destroy cond
09:45:32,759 ERROR - 211302: Failed to destroy cond
09:45:32,759 ERROR - 211302: Failed to destroy cond
09:45:32,759 ERROR - 211302: Failed to destroy cond
09:45:32,759 ERROR - 211302: Failed to destroy cond
09:45:32,769 ERROR - 211302: Failed to destroy cond
09:45:32,769 ERROR - 211302: Failed to destroy cond
09:45:32,770 ERROR - 211302: Failed to destroy cond
09:45:32,770 ERROR - 211302: Failed to destroy cond
09:45:32,770 ERROR - 211302: Failed to destroy cond
09:45:32,770 ERROR - 211302: Failed to destroy cond
09:45:32,770 ERROR - 211302: Failed to destroy cond
09:45:32,770 ERROR - 211302: Failed to destroy cond
09:45:32,770 ERROR - 211302: Failed to destroy cond
09:45:32,770 ERROR - 211302: Failed to destroy cond
