09:38:26,183 ERROR - dbtsqlcursor: prepare error, sqlcmd=[
		 	SELECT name, length, coltype type, scale
			 FROM sysibm.syscolumns
			 WHERE tbname=UPPER('afetxnjnl')
			 ORDER BY colno
		], sqlcode[-805] sqlerrd[0]=[-2145779603] sqlerrd[1]=[0] sqlerrd[2]=[0] sqlerrd[3]=[0] sqlerrd[4]=[-20] sqlerrd[5]=[0]
09:38:26,184 ERROR - bpbgetcols: OPEN [
		 	SELECT name, length, coltype type, scale
			 FROM sysibm.syscolumns
			 WHERE tbname=UPPER('afetxnjnl')
			 ORDER BY colno
		] SQLCODE=[-805]
09:38:26,184 ERROR - 500033: init table struct Error!
09:38:26,184 ERROR - 500084: initTableDeclare error!
09:38:26,184 ERROR - 500210:initServMsg [1] Error!
09:38:26,184 ERROR - 500237:initPubEnv Error [etc/OFTALSHF_CTL.XML]!
09:38:26,184 ERROR - 500230: initPubEnv Error!
09:38:26,192 ERROR - 211027: Exec initfunc of initOnlineSvr failed
09:38:26,192 ERROR - Call execInitFunction() error, Startup failed!!!
09:38:26,693 ERROR - 211320: Failed to destroy cond
09:38:26,693 ERROR - 210003: Failed to destroy cond of dequeuing request-q
09:38:26,693 ERROR - 210012: Failed to destroy cond of dequeuing response-q
09:38:26,693 ERROR - 210003: Failed to destroy cond of dequeuing request-q
09:38:26,693 ERROR - 210012: Failed to destroy cond of dequeuing response-q
09:49:35,310 ERROR - dbtsqlcursor: prepare error, sqlcmd=[
		 	SELECT name, length, coltype type, scale
			 FROM sysibm.syscolumns
			 WHERE tbname=UPPER('afetxnjnl')
			 ORDER BY colno
		], sqlcode[-805] sqlerrd[0]=[-2145779603] sqlerrd[1]=[0] sqlerrd[2]=[0] sqlerrd[3]=[0] sqlerrd[4]=[-20] sqlerrd[5]=[0]
09:49:35,310 ERROR - bpbgetcols: OPEN [
		 	SELECT name, length, coltype type, scale
			 FROM sysibm.syscolumns
			 WHERE tbname=UPPER('afetxnjnl')
			 ORDER BY colno
		] SQLCODE=[-805]
09:49:35,310 ERROR - 500033: init table struct Error!
09:49:35,310 ERROR - 500084: initTableDeclare error!
09:49:35,310 ERROR - 500210:initServMsg [1] Error!
09:49:35,310 ERROR - 500237:initPubEnv Error [etc/OFTALSHF_CTL.XML]!
09:49:35,310 ERROR - 500230: initPubEnv Error!
09:49:35,319 ERROR - 211027: Exec initfunc of initOnlineSvr failed
09:49:35,319 ERROR - Call execInitFunction() error, Startup failed!!!
09:49:35,819 ERROR - 211320: Failed to destroy cond
09:49:35,820 ERROR - 210003: Failed to destroy cond of dequeuing request-q
09:49:35,820 ERROR - 210012: Failed to destroy cond of dequeuing response-q
09:49:35,820 ERROR - 210003: Failed to destroy cond of dequeuing request-q
09:49:35,820 ERROR - 210012: Failed to destroy cond of dequeuing response-q
11:24:54,040 ERROR - 500053: xmlLoadFile [/app/ics/etc/LSH_FMT_441999.XML] Error!
11:24:54,040 ERROR - 500085: initConfigDeclare error!
11:24:54,040 ERROR - 500210:initServMsg [1] Error!
11:24:54,040 ERROR - 500237:initPubEnv Error [etc/OFTALSHF_CTL.XML]!
11:24:54,040 ERROR - 500230: initPubEnv Error!
11:24:54,051 ERROR - 211027: Exec initfunc of initOnlineSvr failed
11:24:54,051 ERROR - Call execInitFunction() error, Startup failed!!!
11:24:54,552 ERROR - 211320: Failed to destroy cond
11:24:54,552 ERROR - 210003: Failed to destroy cond of dequeuing request-q
11:24:54,552 ERROR - 210012: Failed to destroy cond of dequeuing response-q
11:24:54,553 ERROR - 210003: Failed to destroy cond of dequeuing request-q
11:24:54,553 ERROR - 210012: Failed to destroy cond of dequeuing response-q
16:15:00,064 ERROR - 500053: xmlLoadFile [/app/ics/etc/LSH_FMT_441999.XML] Error!
16:15:00,064 ERROR - 500085: initConfigDeclare error!
16:15:00,065 ERROR - 500210:initServMsg [1] Error!
16:15:00,065 ERROR - 500237:initPubEnv Error [etc/OFTALSHF_CTL.XML]!
16:15:00,065 ERROR - 500230: initPubEnv Error!
16:15:00,074 ERROR - 211027: Exec initfunc of initOnlineSvr failed
16:15:00,074 ERROR - Call execInitFunction() error, Startup failed!!!
16:15:00,574 ERROR - 211320: Failed to destroy cond
16:15:00,574 ERROR - 210003: Failed to destroy cond of dequeuing request-q
16:15:00,574 ERROR - 210012: Failed to destroy cond of dequeuing response-q
16:15:00,575 ERROR - 210003: Failed to destroy cond of dequeuing request-q
16:15:00,575 ERROR - 210012: Failed to destroy cond of dequeuing response-q
