11:24:18,357 ERROR - 210056: RoutineThreadSocketSlave thread exit. the remote server information {S.STSSVR-TTM001-1}
11:24:18,357 ERROR - 210056: RoutineThreadSocketSlave thread exit. the remote server information {S.STSSVR-TTM001-1}
11:24:18,558 ERROR - 211320: Failed to destroy cond
11:24:18,558 ERROR - 210003: Failed to destroy cond of dequeuing request-q
11:24:18,558 ERROR - 210012: Failed to destroy cond of dequeuing response-q
11:24:18,558 ERROR - 210003: Failed to destroy cond of dequeuing request-q
11:24:18,558 ERROR - 210012: Failed to destroy cond of dequeuing response-q
14:19:28,000 ERROR - 224002: SeriesModuleRegister 'usfSendRequestToRightAndWaitResponse' failure with timeout.(10)
14:19:28,009 ERROR - 211117+0: Startup inner-communication-listener failed.
14:19:28,009 ERROR - 211119: Startup inner-communication failed.
14:19:28,010 ERROR - Call initCommunication() error, Startup failed!!!
14:19:28,540 ERROR - 211320: Failed to destroy cond
14:19:28,540 ERROR - 210003: Failed to destroy cond of dequeuing request-q
14:19:28,540 ERROR - 210012: Failed to destroy cond of dequeuing response-q
14:19:28,540 ERROR - 210003: Failed to destroy cond of dequeuing request-q
14:19:28,541 ERROR - 210012: Failed to destroy cond of dequeuing response-q
14:25:31,000 ERROR - 224002: SeriesModuleRegister 'usfSendRequestToRightAndWaitResponse' failure with timeout.(10)
14:25:31,002 ERROR - 211117+0: Startup inner-communication-listener failed.
14:25:31,002 ERROR - 211119: Startup inner-communication failed.
14:25:31,002 ERROR - Call initCommunication() error, Startup failed!!!
14:25:31,533 ERROR - 211320: Failed to destroy cond
14:25:31,533 ERROR - 211302: Failed to destroy cond
14:25:31,533 ERROR - 211302: Failed to destroy cond
14:25:31,533 ERROR - 211302: Failed to destroy cond
14:25:31,533 ERROR - 211302: Failed to destroy cond
14:25:31,533 ERROR - 211302: Failed to destroy cond
14:25:31,533 ERROR - 210003: Failed to destroy cond of dequeuing request-q
14:25:31,533 ERROR - 210012: Failed to destroy cond of dequeuing response-q
14:25:31,533 ERROR - 210003: Failed to destroy cond of dequeuing request-q
14:25:31,534 ERROR - 210012: Failed to destroy cond of dequeuing response-q
