11:24:53,640 ERROR - #991002-打开{[/app/ics/dll/cbs441.so]->[/app/ics/dll/cbs441.so]}失败.{	0509-022 Cannot load module /app/ics/dll/cbs441.so.
	0509-026 System error: A file or directory in the path name does not exist.}
11:24:53,641 ERROR - 501014: open lib error [/app/ics/dll/cbs441.so]
11:24:53,641 ERROR - 500075: Application get_dll_handle Error!
11:24:53,641 ERROR - 500083: initLibDeclare error!
11:24:53,641 ERROR - 500210:initServMsg [1] Error!
11:24:53,642 ERROR - 500237:initPubEnv Error [etc/OFRTMDF1_CTL.XML]!
11:24:53,642 ERROR - 500230: initPubEnv Error!
11:24:53,649 ERROR - 211027: Exec initfunc of initOnlineSvr failed
11:24:53,649 ERROR - Call execInitFunction() error, Startup failed!!!
11:24:54,150 ERROR - 211320: Failed to destroy cond
11:24:54,150 ERROR - 210003: Failed to destroy cond of dequeuing request-q
11:24:54,150 ERROR - 210012: Failed to destroy cond of dequeuing response-q
11:24:54,150 ERROR - 210003: Failed to destroy cond of dequeuing request-q
11:24:54,150 ERROR - 210012: Failed to destroy cond of dequeuing response-q
14:19:18,196 ERROR - #991002-打开{[/app/ics/dll/cbs441.so]->[/app/ics/dll/cbs441.so]}失败.{	0509-022 Cannot load module /app/ics/dll/cbs441.so.
	0509-026 System error: A file or directory in the path name does not exist.}
14:19:18,196 ERROR - 501014: open lib error [/app/ics/dll/cbs441.so]
14:19:18,196 ERROR - 500075: Application get_dll_handle Error!
14:19:18,196 ERROR - 500083: initLibDeclare error!
14:19:18,196 ERROR - 500210:initServMsg [1] Error!
14:19:18,196 ERROR - 500237:initPubEnv Error [etc/OFRTMDF1_CTL.XML]!
14:19:18,196 ERROR - 500230: initPubEnv Error!
14:19:18,202 ERROR - 211027: Exec initfunc of initOnlineSvr failed
14:19:18,202 ERROR - Call execInitFunction() error, Startup failed!!!
14:19:18,703 ERROR - 211320: Failed to destroy cond
14:19:18,703 ERROR - 210003: Failed to destroy cond of dequeuing request-q
14:19:18,703 ERROR - 210012: Failed to destroy cond of dequeuing response-q
14:19:18,703 ERROR - 210003: Failed to destroy cond of dequeuing request-q
14:19:18,703 ERROR - 210012: Failed to destroy cond of dequeuing response-q
