11:24:18,357 ERROR - 210056: RoutineThreadSocketSlave thread exit. the remote server information {S.STSSVR-TTM001-1}
11:24:18,361 ERROR - 210056: RoutineThreadSocketSlave thread exit. the remote server information {S.STSSVR-TTM001-1}
11:24:18,522 ERROR - 211320: Failed to destroy cond
11:24:18,522 ERROR - 210003: Failed to destroy cond of dequeuing request-q
11:24:18,522 ERROR - 210012: Failed to destroy cond of dequeuing response-q
11:24:18,522 ERROR - 210003: Failed to destroy cond of dequeuing request-q
11:24:18,522 ERROR - 210012: Failed to destroy cond of dequeuing response-q
14:19:27,009 ERROR - 224002: SeriesModuleRegister 'usfSendRequestToRightAndWaitResponse' failure with timeout.(10)
14:19:27,011 ERROR - 211117+0: Startup inner-communication-listener failed.
14:19:27,011 ERROR - 211119: Startup inner-communication failed.
14:19:27,011 ERROR - Call initCommunication() error, Startup failed!!!
14:19:27,512 ERROR - 211320: Failed to destroy cond
14:19:27,512 ERROR - 211302: Failed to destroy cond
14:19:27,512 ERROR - 210003: Failed to destroy cond of dequeuing request-q
14:19:27,512 ERROR - 210012: Failed to destroy cond of dequeuing response-q
14:19:27,512 ERROR - 210003: Failed to destroy cond of dequeuing request-q
14:19:27,512 ERROR - 210012: Failed to destroy cond of dequeuing response-q
14:25:31,009 ERROR - 224002: SeriesModuleRegister 'usfSendRequestToRightAndWaitResponse' failure with timeout.(10)
14:25:31,013 ERROR - 211117+0: Startup inner-communication-listener failed.
14:25:31,013 ERROR - 211119: Startup inner-communication failed.
14:25:31,013 ERROR - Call initCommunication() error, Startup failed!!!
14:25:31,514 ERROR - 211320: Failed to destroy cond
14:25:31,514 ERROR - 210003: Failed to destroy cond of dequeuing request-q
14:25:31,514 ERROR - 210012: Failed to destroy cond of dequeuing response-q
14:25:31,514 ERROR - 210003: Failed to destroy cond of dequeuing request-q
14:25:31,514 ERROR - 210012: Failed to destroy cond of dequeuing response-q
