15:09:42,000 ERROR - 224002: SeriesModuleRegister 'usfSendRequestToRightAndWaitResponse' failure with timeout.(10)
15:09:42,003 ERROR - 211117+0: Startup inner-communication-listener failed.
15:09:42,003 ERROR - 211119: Startup inner-communication failed.
15:09:42,003 ERROR - Call initCommunication() error, Startup failed!!!
15:09:42,508 ERROR - 211320: Failed to destroy cond
15:09:42,508 ERROR - 210003: Failed to destroy cond of dequeuing request-q
15:09:42,508 ERROR - 210012: Failed to destroy cond of dequeuing response-q
15:09:42,508 ERROR - 210003: Failed to destroy cond of dequeuing request-q
15:09:42,508 ERROR - 210012: Failed to destroy cond of dequeuing response-q
16:09:42,010 ERROR - 224002: SeriesModuleRegister 'usfSendRequestToRightAndWaitResponse' failure with timeout.(10)
16:09:42,012 ERROR - 211117+0: Startup inner-communication-listener failed.
16:09:42,012 ERROR - 211119: Startup inner-communication failed.
16:09:42,012 ERROR - Call initCommunication() error, Startup failed!!!
16:09:42,517 ERROR - 211320: Failed to destroy cond
16:09:42,517 ERROR - 210003: Failed to destroy cond of dequeuing request-q
16:09:42,517 ERROR - 210012: Failed to destroy cond of dequeuing response-q
16:09:42,517 ERROR - 210003: Failed to destroy cond of dequeuing request-q
16:09:42,517 ERROR - 210012: Failed to destroy cond of dequeuing response-q
16:10:57,523 ERROR - 211320: Failed to destroy cond
16:10:57,523 ERROR - 210003: Failed to destroy cond of dequeuing request-q
16:10:57,523 ERROR - 210012: Failed to destroy cond of dequeuing response-q
16:10:57,523 ERROR - 210003: Failed to destroy cond of dequeuing request-q
16:10:57,523 ERROR - 210012: Failed to destroy cond of dequeuing response-q
