11:24:16,532 ERROR - 211320: Failed to destroy cond
11:24:16,532 ERROR - 210003: Failed to destroy cond of dequeuing request-q
11:24:16,532 ERROR - 210012: Failed to destroy cond of dequeuing response-q
11:24:16,533 ERROR - 210003: Failed to destroy cond of dequeuing request-q
11:24:16,533 ERROR - 210012: Failed to destroy cond of dequeuing response-q
15:09:40,008 ERROR - 224002: SeriesModuleRegister 'usfSendRequestToRightAndWaitResponse' failure with timeout.(10)
15:09:40,016 ERROR - 211117+0: Startup inner-communication-listener failed.
15:09:40,016 ERROR - 211119: Startup inner-communication failed.
15:09:40,016 ERROR - Call initCommunication() error, Startup failed!!!
15:09:40,522 ERROR - 211320: Failed to destroy cond
15:09:40,522 ERROR - 210003: Failed to destroy cond of dequeuing request-q
15:09:40,522 ERROR - 210012: Failed to destroy cond of dequeuing response-q
15:09:40,522 ERROR - 210003: Failed to destroy cond of dequeuing request-q
15:09:40,522 ERROR - 210012: Failed to destroy cond of dequeuing response-q
16:13:27,002 ERROR - 224002: SeriesModuleRegister 'usfSendRequestToRightAndWaitResponse' failure with timeout.(10)
16:13:27,006 ERROR - 211117+0: Startup inner-communication-listener failed.
16:13:27,006 ERROR - 211119: Startup inner-communication failed.
16:13:27,006 ERROR - Call initCommunication() error, Startup failed!!!
16:13:27,510 ERROR - 211320: Failed to destroy cond
16:13:27,510 ERROR - 210003: Failed to destroy cond of dequeuing request-q
16:13:27,510 ERROR - 210012: Failed to destroy cond of dequeuing response-q
16:13:27,510 ERROR - 210003: Failed to destroy cond of dequeuing request-q
16:13:27,510 ERROR - 210012: Failed to destroy cond of dequeuing response-q
