17:57:22,141 ERROR - ×°ÔØXMLÅäÖÃÎÄ¼þÊ§°Ü.{/app/ics/app/lshf/etc/LSH_CSW_441999.XML}
17:57:22,143 ERROR - º¯Êý<loadCodeTable>·µ»ØÊ§°Ü.
17:57:22,143 ERROR - 211027: Exec initfunc of initDataParser failed
17:57:22,143 ERROR - Call execInitFunction() error, Startup failed!!!
17:57:22,643 ERROR - 211320: Failed to destroy cond
17:57:22,643 ERROR - 211302: Failed to destroy cond
17:57:22,643 ERROR - 211302: Failed to destroy cond
17:57:22,643 ERROR - 211302: Failed to destroy cond
17:57:22,643 ERROR - 211302: Failed to destroy cond
17:57:22,643 ERROR - 211302: Failed to destroy cond
17:57:22,644 ERROR - 211302: Failed to destroy cond
17:57:22,644 ERROR - 211302: Failed to destroy cond
17:57:22,644 ERROR - 211302: Failed to destroy cond
17:57:22,644 ERROR - 211302: Failed to destroy cond
17:57:22,644 ERROR - 211302: Failed to destroy cond
17:57:22,644 ERROR - 211302: Failed to destroy cond
17:57:22,644 ERROR - 211302: Failed to destroy cond
17:57:22,644 ERROR - 211302: Failed to destroy cond
17:57:22,644 ERROR - 211302: Failed to destroy cond
17:57:22,644 ERROR - 211302: Failed to destroy cond
17:57:22,644 ERROR - 211302: Failed to destroy cond
17:57:22,644 ERROR - 211302: Failed to destroy cond
17:57:22,644 ERROR - 211302: Failed to destroy cond
17:57:22,644 ERROR - 211302: Failed to destroy cond
17:57:22,644 ERROR - 211302: Failed to destroy cond
17:57:22,644 ERROR - 211302: Failed to destroy cond
17:57:22,644 ERROR - 211302: Failed to destroy cond
17:57:22,644 ERROR - 211302: Failed to destroy cond
17:57:22,644 ERROR - 211302: Failed to destroy cond
17:57:22,645 ERROR - 211302: Failed to destroy cond
17:57:22,645 ERROR - 211302: Failed to destroy cond
17:57:22,645 ERROR - 211302: Failed to destroy cond
17:57:22,645 ERROR - 211302: Failed to destroy cond
17:57:22,645 ERROR - 211302: Failed to destroy cond
17:57:22,645 ERROR - 211302: Failed to destroy cond
17:57:22,645 ERROR - 211302: Failed to destroy cond
17:57:22,645 ERROR - 211302: Failed to destroy cond
17:57:22,645 ERROR - 211302: Failed to destroy cond
17:57:22,645 ERROR - 211302: Failed to destroy cond
17:57:22,645 ERROR - 211302: Failed to destroy cond
17:57:22,645 ERROR - 211302: Failed to destroy cond
17:57:22,645 ERROR - 211302: Failed to destroy cond
17:57:22,645 ERROR - 211302: Failed to destroy cond
17:57:22,645 ERROR - 211302: Failed to destroy cond
17:57:22,645 ERROR - 210003: Failed to destroy cond of dequeuing request-q
17:57:22,645 ERROR - 210012: Failed to destroy cond of dequeuing response-q
17:57:22,646 ERROR - 210003: Failed to destroy cond of dequeuing request-q
17:57:22,646 ERROR - 210012: Failed to destroy cond of dequeuing response-q
