"0001","营业部              ","444001","0"
"0002","东风支行            ","444006","0"
"0003","香洲支行            ","444002","0"
"0004","拱北支行            ","444004","0"
"0005","吉大支行            ","444007","0"
"0007","侨光支行            ","444008","0"
"0008","柠溪支行            ","444010","0"
"0009","国际部              ","444600","0"
"0010","西区支行            ","444003","0"
"0011","凤凰支行            ","444011","0"
"0012","国土局              ","WWWWWW","0"
"0013","井岸支行            ","444005","0"
"0014","美景支行            ","444012","0"
"0015","前山支行            ","444013","0"
"0016","技术监督            ","WWWWWW","0"
"0017","吉大建委            ","WWWWWW","0"
"0018","人民路支行          ","444009","0"
"0019","公安局              ","WWWWWW","0"
"0006","翠微支行            ","444015","0"
"0021","体育中心支行        ","444016","0"
"0020","保税区支行          ","444017","0"
"0023","港区支行            ","444018","0"
"0025","景山支行            ","444019","0"
"0027","清钞中心            ","444086","0"
"0028","新青支行            ","444020","0"
"0029","夏湾支行            ","444021","0"
"0030","清分中心            ","444966","0"
"0031","帐务中心            ","444800","0"
"0032","粤海支行            ","444022","0"
"0033","新城支行            ","444232","0"
