16:57:17,303 ERROR - 装载[Include]文件{/app/ics/etc/ActJudge_IIT.XML}失败.
16:57:17,303 ERROR - 500002: icsRepIncludeAndMacroNode Error!
16:57:17,307 ERROR - 500236:loadCtlFile Error[etc/OFTALSHJ_CTL.XML]!
16:57:17,307 ERROR - 500230: initPubEnv Error!
16:57:17,307 ERROR - 211027: Exec initfunc of initOnlineSvr failed
16:57:17,307 ERROR - Call execInitFunction() error, Startup failed!!!
16:57:17,808 ERROR - 211320: Failed to destroy cond
16:57:17,808 ERROR - 210003: Failed to destroy cond of dequeuing request-q
16:57:17,808 ERROR - 210012: Failed to destroy cond of dequeuing response-q
16:57:17,808 ERROR - 210003: Failed to destroy cond of dequeuing request-q
16:57:17,808 ERROR - 210012: Failed to destroy cond of dequeuing response-q
17:00:37,018 ERROR - 装载[Include]文件{/app/ics/etc/ActJudge_IIT.XML}失败.
17:00:37,018 ERROR - 500002: icsRepIncludeAndMacroNode Error!
17:00:37,022 ERROR - 500236:loadCtlFile Error[etc/OFTALSHJ_CTL.XML]!
17:00:37,022 ERROR - 500230: initPubEnv Error!
17:00:37,022 ERROR - 211027: Exec initfunc of initOnlineSvr failed
17:00:37,022 ERROR - Call execInitFunction() error, Startup failed!!!
17:00:37,523 ERROR - 211320: Failed to destroy cond
17:00:37,523 ERROR - 210003: Failed to destroy cond of dequeuing request-q
17:00:37,523 ERROR - 210012: Failed to destroy cond of dequeuing response-q
17:00:37,523 ERROR - 210003: Failed to destroy cond of dequeuing request-q
17:00:37,523 ERROR - 210012: Failed to destroy cond of dequeuing response-q
17:12:43,813 ERROR - 500053: xmlLoadFile [/app/ics/etc/LSH_FMT_441999.XML] Error!
17:12:43,813 ERROR - 500085: initConfigDeclare error!
17:12:43,813 ERROR - 500210:initServMsg [1] Error!
17:12:43,813 ERROR - 500237:initPubEnv Error [etc/OFTALSHJ_CTL.XML]!
17:12:43,813 ERROR - 500230: initPubEnv Error!
17:12:43,820 ERROR - 211027: Exec initfunc of initOnlineSvr failed
17:12:43,820 ERROR - Call execInitFunction() error, Startup failed!!!
17:12:44,320 ERROR - 211320: Failed to destroy cond
17:12:44,320 ERROR - 210003: Failed to destroy cond of dequeuing request-q
17:12:44,320 ERROR - 210012: Failed to destroy cond of dequeuing response-q
17:12:44,321 ERROR - 210003: Failed to destroy cond of dequeuing request-q
17:12:44,321 ERROR - 210012: Failed to destroy cond of dequeuing response-q
17:20:50,924 ERROR - Failed to load package file[/app/ics/etc/DAFE_PKG.XML].
17:20:50,924 ERROR - Load extern package[/app/ics/etc/DAFE_PKG.XML]  error, ret_code=[-1]
17:20:50,924 ERROR - 500086: initPackageDeclare error!
17:20:50,924 ERROR - 500210:initServMsg [1] Error!
17:20:50,924 ERROR - 500237:initPubEnv Error [etc/OFTALSHJ_CTL.XML]!
17:20:50,924 ERROR - 500230: initPubEnv Error!
17:20:50,935 ERROR - 211027: Exec initfunc of initOnlineSvr failed
17:20:50,936 ERROR - Call execInitFunction() error, Startup failed!!!
17:20:51,436 ERROR - 211320: Failed to destroy cond
17:20:51,436 ERROR - 211302: Failed to destroy cond
17:20:51,436 ERROR - 211302: Failed to destroy cond
17:20:51,436 ERROR - 211302: Failed to destroy cond
17:20:51,436 ERROR - 211302: Failed to destroy cond
17:20:51,436 ERROR - 211302: Failed to destroy cond
17:20:51,437 ERROR - 211302: Failed to destroy cond
17:20:51,437 ERROR - 211302: Failed to destroy cond
17:20:51,437 ERROR - 211302: Failed to destroy cond
17:20:51,437 ERROR - 210003: Failed to destroy cond of dequeuing request-q
17:20:51,437 ERROR - 210012: Failed to destroy cond of dequeuing response-q
17:20:51,437 ERROR - 210003: Failed to destroy cond of dequeuing request-q
17:20:51,437 ERROR - 210012: Failed to destroy cond of dequeuing response-q
18:00:11,000 ERROR - 224002: SeriesModuleRegister 'usfSendRequestToRightAndWaitResponse' failure with timeout.(10)
18:00:11,001 ERROR - 211117+0: Startup inner-communication-listener failed.
18:00:11,001 ERROR - 211119: Startup inner-communication failed.
18:00:11,001 ERROR - Call initCommunication() error, Startup failed!!!
18:00:11,532 ERROR - 211320: Failed to destroy cond
18:00:11,532 ERROR - 210003: Failed to destroy cond of dequeuing request-q
18:00:11,532 ERROR - 210012: Failed to destroy cond of dequeuing response-q
18:00:11,533 ERROR - 210003: Failed to destroy cond of dequeuing request-q
18:00:11,533 ERROR - 210012: Failed to destroy cond of dequeuing response-q
