09:40:34,134 ERROR - [MMG0029]-tsm_malloc:Didn't create process memory manager.
09:40:34,135 ERROR - [25]ÉêÇëÖ÷ÏßË÷IDÄÚ´æÊ§°Ü
09:40:34,135 ERROR - 211110: Startup channel-listener of serverSyncIn failed
09:40:34,135 ERROR - 211118: Startup channel-connection failed
09:40:34,135 ERROR - Call initCommunication() error, Startup failed!!!
09:40:34,647 ERROR - 211320: Failed to destroy cond
09:40:34,647 ERROR - 210003: Failed to destroy cond of dequeuing request-q
09:40:34,647 ERROR - 210012: Failed to destroy cond of dequeuing response-q
09:40:34,647 ERROR - 210003: Failed to destroy cond of dequeuing request-q
09:40:34,648 ERROR - 210012: Failed to destroy cond of dequeuing response-q
09:45:33,148 ERROR - [MMG0029]-tsm_malloc:Didn't create process memory manager.
09:45:33,148 ERROR - [25]ÉêÇëÖ÷ÏßË÷IDÄÚ´æÊ§°Ü
09:45:33,148 ERROR - 211110: Startup channel-listener of serverSyncIn failed
09:45:33,148 ERROR - 211118: Startup channel-connection failed
09:45:33,148 ERROR - Call initCommunication() error, Startup failed!!!
09:45:33,660 ERROR - 211320: Failed to destroy cond
09:45:33,660 ERROR - 210003: Failed to destroy cond of dequeuing request-q
09:45:33,660 ERROR - 210012: Failed to destroy cond of dequeuing response-q
09:45:33,661 ERROR - 210003: Failed to destroy cond of dequeuing request-q
09:45:33,661 ERROR - 210012: Failed to destroy cond of dequeuing response-q
