09:40:33,611 ERROR - 装载[Include]文件{/app/ics/etc/ActJudge_IIT.XML}失败.
09:40:33,617 ERROR - 500002: icsRepIncludeAndMacroNode Error!
09:40:33,621 ERROR - 500236:loadCtlFile Error[etc/OFTAFBPA_CTL.XML]!
09:40:33,625 ERROR - 500230: initPubEnv Error!
09:40:33,625 ERROR - 211027: Exec initfunc of initOnlineSvr failed
09:40:33,625 ERROR - Call execInitFunction() error, Startup failed!!!
09:40:34,152 ERROR - 211320: Failed to destroy cond
09:40:34,152 ERROR - 210003: Failed to destroy cond of dequeuing request-q
09:40:34,152 ERROR - 210012: Failed to destroy cond of dequeuing response-q
09:40:34,152 ERROR - 210003: Failed to destroy cond of dequeuing request-q
09:40:34,152 ERROR - 210012: Failed to destroy cond of dequeuing response-q
09:45:33,726 ERROR - 装载[Include]文件{/app/ics/etc/ActJudge_IIT.XML}失败.
09:45:33,726 ERROR - 500002: icsRepIncludeAndMacroNode Error!
09:45:33,729 ERROR - 500236:loadCtlFile Error[etc/OFTAFBPA_CTL.XML]!
09:45:33,742 ERROR - 500230: initPubEnv Error!
09:45:33,760 ERROR - 211027: Exec initfunc of initOnlineSvr failed
09:45:33,763 ERROR - Call execInitFunction() error, Startup failed!!!
09:45:34,266 ERROR - 211320: Failed to destroy cond
09:45:34,266 ERROR - 210003: Failed to destroy cond of dequeuing request-q
09:45:34,269 ERROR - 210012: Failed to destroy cond of dequeuing response-q
09:45:34,270 ERROR - 210003: Failed to destroy cond of dequeuing request-q
09:45:34,270 ERROR - 210012: Failed to destroy cond of dequeuing response-q
