15:39:13,513 ERROR - 211320: Failed to destroy cond
15:39:13,514 ERROR - 210003: Failed to destroy cond of dequeuing request-q
15:39:13,514 ERROR - 210012: Failed to destroy cond of dequeuing response-q
15:39:13,514 ERROR - 210003: Failed to destroy cond of dequeuing request-q
15:39:13,514 ERROR - 210012: Failed to destroy cond of dequeuing response-q
15:43:17,904 ERROR - 接收请求数据失败, 通讯连接已关闭! IP=[182.53.15.224]
15:46:15,009 ERROR - 清除超时socket(182.53.15.224.120).[1][1265269403913810][1265269403][1265269575]
15:50:34,235 ERROR - 224028: SeriesModuleExchange loadBalance failure!{OFRTRTY3} rc=[-3]
15:51:15,050 ERROR - 224028: SeriesModuleExchange loadBalance failure!{OFRTRTY3} rc=[-3]
17:03:08,136 ERROR - 211320: Failed to destroy cond
17:03:08,151 ERROR - 210003: Failed to destroy cond of dequeuing request-q
17:03:08,181 ERROR - 210012: Failed to destroy cond of dequeuing response-q
17:03:08,181 ERROR - 210003: Failed to destroy cond of dequeuing request-q
17:03:08,181 ERROR - 210012: Failed to destroy cond of dequeuing response-q
17:04:11,009 ERROR - 清除超时socket(182.53.15.224.-522326003).[0][1265274216904628][1265274216][1265274251]
17:04:43,397 ERROR - 224028: SeriesModuleExchange loadBalance failure!{OFRTRTY3} rc=[-3]
17:22:11,001 ERROR - 清除超时socket(182.53.15.224.-522326003).[2][1265275280327597][1265275280][1265275331]
17:27:28,000 ERROR - 清除超时socket(182.53.15.224.120).[0][1265275497348011][1265275497][1265275648]
17:30:28,005 ERROR - 清除超时socket(182.53.15.224.120).[1][1265275651980085][1265275651][1265275828]
17:33:28,009 ERROR - 清除超时socket(182.53.15.224.120).[2][1265275837786058][1265275837][1265276008]
